Copyright 1986-2018 Xilinx, Inc. All Rights Reserved.
------------------------------------------------------------------------------------------
| Tool Version : Vivado v.2018.3 (win64) Build 2405991 Thu Dec  6 23:38:27 MST 2018
| Date         : Thu Nov  3 17:32:05 2022
| Host         : DESKTOP-F9189KT running 64-bit major release  (build 9200)
| Command      : report_control_sets -verbose -file Lab_4_wrapper_control_sets_placed.rpt
| Design       : Lab_4_wrapper
| Device       : xc7z020
------------------------------------------------------------------------------------------

Control Set Information

Table of Contents
-----------------
1. Summary
2. Histogram
3. Flip-Flop Distribution
4. Detailed Control Set Information

1. Summary
----------

+----------------------------------------------------------+-------+
|                          Status                          | Count |
+----------------------------------------------------------+-------+
| Number of unique control sets                            |    45 |
| Unused register locations in slices containing registers |   132 |
+----------------------------------------------------------+-------+


2. Histogram
------------

+--------+--------------+
| Fanout | Control Sets |
+--------+--------------+
|      1 |            1 |
|      2 |            1 |
|      4 |            3 |
|      5 |            3 |
|      6 |            4 |
|      8 |            2 |
|     10 |            2 |
|     12 |            6 |
|     13 |            1 |
|     14 |            5 |
|    16+ |           17 |
+--------+--------------+


3. Flip-Flop Distribution
-------------------------

+--------------+-----------------------+------------------------+-----------------+--------------+
| Clock Enable | Synchronous Set/Reset | Asynchronous Set/Reset | Total Registers | Total Slices |
+--------------+-----------------------+------------------------+-----------------+--------------+
| No           | No                    | No                     |             133 |           37 |
| No           | No                    | Yes                    |               0 |            0 |
| No           | Yes                   | No                     |              46 |           26 |
| Yes          | No                    | No                     |             593 |          133 |
| Yes          | No                    | Yes                    |               0 |            0 |
| Yes          | Yes                   | No                     |             176 |           45 |
+--------------+-----------------------+------------------------+-----------------+--------------+


4. Detailed Control Set Information
-----------------------------------

+----------------------------------------------+-------------------------------------------------------------------------------------------------------------------------------------------------------------+----------------------------------------------------------------------------------------------------------------------------------------------------+------------------+----------------+
|                 Clock Signal                 |                                                                        Enable Signal                                                                        |                                                                  Set/Reset Signal                                                                  | Slice Load Count | Bel Load Count |
+----------------------------------------------+-------------------------------------------------------------------------------------------------------------------------------------------------------------+----------------------------------------------------------------------------------------------------------------------------------------------------+------------------+----------------+
|  Lab_4_i/processing_system7_0/inst/FCLK_CLK0 | Lab_4_i/ps7_0_axi_periph/s00_couplers/auto_pc/inst/gen_axilite.gen_b2s_conv.axilite_b2s/WR.aw_channel_0/aw_cmd_fsm_0/m_axi_awready_1                        | Lab_4_i/ps7_0_axi_periph/s00_couplers/auto_pc/inst/gen_axilite.gen_b2s_conv.axilite_b2s/WR.aw_channel_0/aw_cmd_fsm_0/m_axi_awready_0               |                1 |              1 |
|  Lab_4_i/processing_system7_0/inst/FCLK_CLK0 | Lab_4_i/ps7_0_axi_periph/s00_couplers/auto_pc/inst/gen_axilite.gen_b2s_conv.axilite_b2s/WR.b_channel_0/bid_fifo_0/sel                                       |                                                                                                                                                    |                1 |              2 |
|  Lab_4_i/processing_system7_0/inst/FCLK_CLK0 |                                                                                                                                                             | Lab_4_i/ps7_0_axi_periph/s00_couplers/auto_pc/inst/gen_axilite.gen_b2s_conv.axilite_b2s/SI_REG/ar.ar_pipe/aresetn_d_reg[1]_inv_0                   |                3 |              4 |
|  Lab_4_i/processing_system7_0/inst/FCLK_CLK0 |                                                                                                                                                             | Lab_4_i/rst_ps7_0_100M/U0/EXT_LPF/lpf_int                                                                                                          |                3 |              4 |
|  Lab_4_i/processing_system7_0/inst/FCLK_CLK0 |                                                                                                                                                             | Lab_4_i/ps7_0_axi_periph/s00_couplers/auto_pc/inst/gen_axilite.gen_b2s_conv.axilite_b2s/SI_REG/aw.aw_pipe/aresetn_d_reg[0]_0                       |                3 |              4 |
|  Lab_4_i/processing_system7_0/inst/FCLK_CLK0 | Lab_4_i/ps7_0_axi_periph/s00_couplers/auto_pc/inst/gen_axilite.gen_b2s_conv.axilite_b2s/RD.ar_channel_0/ar_cmd_fsm_0/m_valid_i_reg                          | Lab_4_i/ps7_0_axi_periph/s00_couplers/auto_pc/inst/gen_axilite.gen_b2s_conv.axilite_b2s/RD.ar_channel_0/ar_cmd_fsm_0/FSM_sequential_state_reg[0]_0 |                2 |              5 |
|  Lab_4_i/processing_system7_0/inst/FCLK_CLK0 | Lab_4_i/ps7_0_axi_periph/s00_couplers/auto_pc/inst/gen_axilite.gen_b2s_conv.axilite_b2s/RD.r_channel_0/rd_data_fifo_0/E[0]                                  | Lab_4_i/ps7_0_axi_periph/s00_couplers/auto_pc/inst/gen_axilite.gen_b2s_conv.axilite_b2s/areset_d1                                                  |                1 |              5 |
|  Lab_4_i/processing_system7_0/inst/FCLK_CLK0 | Lab_4_i/ps7_0_axi_periph/s00_couplers/auto_pc/inst/gen_axilite.gen_b2s_conv.axilite_b2s/RD.r_channel_0/rd_data_fifo_0/cnt_read[4]_i_1_n_0                   | Lab_4_i/ps7_0_axi_periph/s00_couplers/auto_pc/inst/gen_axilite.gen_b2s_conv.axilite_b2s/areset_d1                                                  |                2 |              5 |
|  Lab_4_i/processing_system7_0/inst/FCLK_CLK0 | Lab_4_i/rst_ps7_0_100M/U0/SEQ/seq_cnt_en                                                                                                                    | Lab_4_i/rst_ps7_0_100M/U0/SEQ/SEQ_COUNTER/clear                                                                                                    |                1 |              6 |
|  Lab_4_i/processing_system7_0/inst/FCLK_CLK0 | Lab_4_i/ps7_0_axi_periph/s00_mmu/inst/gen_write.w_cnt[5]_i_1_n_0                                                                                            | Lab_4_i/ps7_0_axi_periph/s00_mmu/inst/register_slice_inst/aw.aw_pipe/SR[0]                                                                         |                2 |              6 |
|  Lab_4_i/processing_system7_0/inst/FCLK_CLK0 | Lab_4_i/ps7_0_axi_periph/s00_mmu/inst/register_slice_inst/aw.aw_pipe/E[0]                                                                                   | Lab_4_i/ps7_0_axi_periph/s00_mmu/inst/register_slice_inst/aw.aw_pipe/SR[0]                                                                         |                2 |              6 |
|  Lab_4_i/processing_system7_0/inst/FCLK_CLK0 | Lab_4_i/ps7_0_axi_periph/s00_mmu/inst/register_slice_inst/ar.ar_pipe/m_axi_rvalid_0[0]                                                                      | Lab_4_i/ps7_0_axi_periph/s00_mmu/inst/register_slice_inst/aw.aw_pipe/SR[0]                                                                         |                2 |              6 |
|  Lab_4_i/processing_system7_0/inst/FCLK_CLK0 | Lab_4_i/ps7_0_axi_periph/s00_mmu/inst/decerr_slave_inst/gen_axi.gen_read.read_cnt[7]_i_1_n_0                                                                | Lab_4_i/ps7_0_axi_periph/s00_mmu/inst/register_slice_inst/aw.aw_pipe/SR[0]                                                                         |                3 |              8 |
|  Lab_4_i/processing_system7_0/inst/FCLK_CLK0 | Lab_4_i/ps7_0_axi_periph/s00_couplers/auto_pc/inst/gen_axilite.gen_b2s_conv.axilite_b2s/WR.b_channel_0/mhandshake_r                                         | Lab_4_i/ps7_0_axi_periph/s00_couplers/auto_pc/inst/gen_axilite.gen_b2s_conv.axilite_b2s/WR.b_channel_0/bid_fifo_0/SR[0]                            |                3 |              8 |
|  Lab_4_i/processing_system7_0/inst/FCLK_CLK0 |                                                                                                                                                             | Lab_4_i/ps7_0_axi_periph/xbar/inst/gen_sasd.crossbar_sasd_0/addr_arbiter_inst/SR[0]                                                                |                4 |             10 |
|  Lab_4_i/processing_system7_0/inst/FCLK_CLK0 |                                                                                                                                                             | Lab_4_i/ps7_0_axi_periph/s00_couplers/auto_pc/inst/gen_axilite.gen_b2s_conv.axilite_b2s/areset_d1                                                  |                5 |             10 |
|  Lab_4_i/processing_system7_0/inst/FCLK_CLK0 | Lab_4_i/ps7_0_axi_periph/s00_couplers/auto_pc/inst/gen_axilite.gen_b2s_conv.axilite_b2s/RD.ar_channel_0/ar_cmd_fsm_0/sel_first_reg[0]                       |                                                                                                                                                    |                3 |             12 |
|  Lab_4_i/processing_system7_0/inst/FCLK_CLK0 | Lab_4_i/ps7_0_axi_periph/s00_couplers/auto_pc/inst/gen_axilite.gen_b2s_conv.axilite_b2s/RD.ar_channel_0/ar_cmd_fsm_0/E[0]                                   |                                                                                                                                                    |                5 |             12 |
|  Lab_4_i/processing_system7_0/inst/FCLK_CLK0 | Lab_4_i/ps7_0_axi_periph/s00_couplers/auto_pc/inst/gen_axilite.gen_b2s_conv.axilite_b2s/WR.aw_channel_0/aw_cmd_fsm_0/E[0]                                   |                                                                                                                                                    |                4 |             12 |
|  Lab_4_i/processing_system7_0/inst/FCLK_CLK0 | Lab_4_i/ps7_0_axi_periph/s00_couplers/auto_pc/inst/gen_axilite.gen_b2s_conv.axilite_b2s/WR.aw_channel_0/cmd_translator_0/incr_cmd_0/axaddr_incr[11]_i_1_n_0 |                                                                                                                                                    |                2 |             12 |
|  Lab_4_i/processing_system7_0/inst/FCLK_CLK0 | Lab_4_i/ps7_0_axi_periph/s00_mmu/inst/decerr_slave_inst/gen_axi.gen_write.s_axi_bid_i[11]_i_1_n_0                                                           | Lab_4_i/ps7_0_axi_periph/s00_mmu/inst/register_slice_inst/aw.aw_pipe/SR[0]                                                                         |                3 |             12 |
|  Lab_4_i/processing_system7_0/inst/FCLK_CLK0 | Lab_4_i/ps7_0_axi_periph/s00_mmu/inst/decerr_slave_inst/gen_axi.gen_read.s_axi_rid_i[11]_i_1_n_0                                                            | Lab_4_i/ps7_0_axi_periph/s00_mmu/inst/register_slice_inst/aw.aw_pipe/SR[0]                                                                         |                2 |             12 |
|  Lab_4_i/processing_system7_0/inst/FCLK_CLK0 | Lab_4_i/ps7_0_axi_periph/s00_couplers/auto_pc/inst/gen_axilite.gen_b2s_conv.axilite_b2s/RD.r_channel_0/r_push_r                                             |                                                                                                                                                    |                4 |             13 |
|  Lab_4_i/processing_system7_0/inst/FCLK_CLK0 |                                                                                                                                                             | Lab_4_i/ps7_0_axi_periph/s00_mmu/inst/register_slice_inst/aw.aw_pipe/SR[0]                                                                         |                8 |             14 |
|  Lab_4_i/processing_system7_0/inst/FCLK_CLK0 | Lab_4_i/axi_regmap_0/U0/axi_awaddr[15]_i_1_n_0                                                                                                              |                                                                                                                                                    |                5 |             14 |
|  Lab_4_i/processing_system7_0/inst/FCLK_CLK0 | Lab_4_i/axi_regmap_0/U0/axi_araddr_1                                                                                                                        |                                                                                                                                                    |                3 |             14 |
|  Lab_4_i/processing_system7_0/inst/FCLK_CLK0 | Lab_4_i/ps7_0_axi_periph/s00_couplers/auto_pc/inst/gen_axilite.gen_b2s_conv.axilite_b2s/SI_REG/b.b_pipe/s_ready_i_reg_0                                     |                                                                                                                                                    |                2 |             14 |
|  Lab_4_i/processing_system7_0/inst/FCLK_CLK0 | Lab_4_i/ps7_0_axi_periph/s00_couplers/auto_pc/inst/gen_axilite.gen_b2s_conv.axilite_b2s/SI_REG/b.b_pipe/p_1_in                                              |                                                                                                                                                    |                2 |             14 |
|  Lab_4_i/processing_system7_0/inst/FCLK_CLK0 | Lab_4_i/ps7_0_axi_periph/s00_couplers/auto_pc/inst/gen_axilite.gen_b2s_conv.axilite_b2s/WR.aw_channel_0/aw_cmd_fsm_0/b_push                                 |                                                                                                                                                    |                3 |             16 |
|  Lab_4_i/processing_system7_0/inst/FCLK_CLK0 | Lab_4_i/ps7_0_axi_periph/s00_couplers/auto_pc/inst/gen_axilite.gen_b2s_conv.axilite_b2s/RD.ar_channel_0/ar_cmd_fsm_0/m_valid_i_reg                          |                                                                                                                                                    |                8 |             21 |
|  Lab_4_i/processing_system7_0/inst/FCLK_CLK0 | Lab_4_i/ps7_0_axi_periph/s00_couplers/auto_pc/inst/gen_axilite.gen_b2s_conv.axilite_b2s/WR.aw_channel_0/aw_cmd_fsm_0/m_axi_awready_1                        |                                                                                                                                                    |               11 |             25 |
|  Lab_4_i/processing_system7_0/inst/FCLK_CLK0 | Lab_4_i/ps7_0_axi_periph/xbar/inst/gen_sasd.crossbar_sasd_0/addr_arbiter_inst/p_0_in1_in                                                                    | Lab_4_i/ps7_0_axi_periph/xbar/inst/gen_sasd.crossbar_sasd_0/addr_arbiter_inst/SR[0]                                                                |                9 |             30 |
|  Lab_4_i/processing_system7_0/inst/FCLK_CLK0 | Lab_4_i/axi_regmap_0/U0/MM_i/write                                                                                                                          | Lab_4_i/axi_regmap_0/U0/MM_i/RESET                                                                                                                 |                6 |             32 |
|  Lab_4_i/processing_system7_0/inst/FCLK_CLK0 | Lab_4_i/ps7_0_axi_periph/xbar/inst/gen_sasd.crossbar_sasd_0/reg_slice_r/aa_rready                                                                           | Lab_4_i/ps7_0_axi_periph/xbar/inst/gen_sasd.crossbar_sasd_0/reg_slice_r/skid_buffer[32]_i_1_n_0                                                    |                6 |             34 |
|  Lab_4_i/processing_system7_0/inst/FCLK_CLK0 | Lab_4_i/ps7_0_axi_periph/s00_couplers/auto_pc/inst/gen_axilite.gen_b2s_conv.axilite_b2s/RD.r_channel_0/rd_data_fifo_0/wr_en0                                |                                                                                                                                                    |                9 |             34 |
|  Lab_4_i/processing_system7_0/inst/FCLK_CLK0 | Lab_4_i/ps7_0_axi_periph/xbar/inst/gen_sasd.crossbar_sasd_0/addr_arbiter_inst/E[0]                                                                          |                                                                                                                                                    |               11 |             35 |
|  Lab_4_i/processing_system7_0/inst/FCLK_CLK0 | Lab_4_i/ps7_0_axi_periph/s00_couplers/auto_pc/inst/gen_axilite.gen_b2s_conv.axilite_b2s/SI_REG/r.r_pipe/s_ready_i_reg_0                                     |                                                                                                                                                    |                8 |             47 |
|  Lab_4_i/processing_system7_0/inst/FCLK_CLK0 | Lab_4_i/ps7_0_axi_periph/s00_couplers/auto_pc/inst/gen_axilite.gen_b2s_conv.axilite_b2s/SI_REG/r.r_pipe/p_1_in                                              |                                                                                                                                                    |               11 |             47 |
|  Lab_4_i/processing_system7_0/inst/FCLK_CLK0 | Lab_4_i/ps7_0_axi_periph/s00_couplers/auto_pc/inst/gen_axilite.gen_b2s_conv.axilite_b2s/WR.aw_channel_0/aw_cmd_fsm_0/m_valid_i_reg[0]                       |                                                                                                                                                    |                9 |             52 |
|  Lab_4_i/processing_system7_0/inst/FCLK_CLK0 | Lab_4_i/ps7_0_axi_periph/s00_couplers/auto_pc/inst/gen_axilite.gen_b2s_conv.axilite_b2s/RD.ar_channel_0/ar_cmd_fsm_0/FSM_sequential_state_reg[1]_0[0]       |                                                                                                                                                    |                9 |             52 |
|  Lab_4_i/processing_system7_0/inst/FCLK_CLK0 | Lab_4_i/ps7_0_axi_periph/s00_couplers/auto_pc/inst/gen_axilite.gen_b2s_conv.axilite_b2s/SI_REG/ar.ar_pipe/s_ready_i_reg_0                                   |                                                                                                                                                    |               10 |             52 |
|  Lab_4_i/processing_system7_0/inst/FCLK_CLK0 | Lab_4_i/ps7_0_axi_periph/s00_couplers/auto_pc/inst/gen_axilite.gen_b2s_conv.axilite_b2s/SI_REG/aw.aw_pipe/s_ready_i_reg_0                                   |                                                                                                                                                    |               12 |             52 |
|  Lab_4_i/processing_system7_0/inst/FCLK_CLK0 | Lab_4_i/ps7_0_axi_periph/s00_mmu/inst/register_slice_inst/ar.ar_pipe/m_payload_i[62]_i_1_n_0                                                                |                                                                                                                                                    |                9 |             53 |
|  Lab_4_i/processing_system7_0/inst/FCLK_CLK0 | Lab_4_i/ps7_0_axi_periph/s00_mmu/inst/register_slice_inst/aw.aw_pipe/m_payload_i[62]_i_1__0_n_0                                                             |                                                                                                                                                    |                9 |             53 |
|  Lab_4_i/processing_system7_0/inst/FCLK_CLK0 |                                                                                                                                                             |                                                                                                                                                    |               38 |            134 |
+----------------------------------------------+-------------------------------------------------------------------------------------------------------------------------------------------------------------+----------------------------------------------------------------------------------------------------------------------------------------------------+------------------+----------------+


