18:10:28 INFO  : Registering command handlers for SDK TCF services
18:10:29 INFO  : Launching XSCT server: xsct.bat -interactive C:\Users\RAYAN\Lab3\Lab3.sdk\temp_xsdb_launch_script.tcl
18:10:33 INFO  : XSCT server has started successfully.
18:10:35 INFO  : Successfully done setting XSCT server connection channel  
18:10:35 INFO  : Successfully done setting SDK workspace  
18:10:35 INFO  : Processing command line option -hwspec C:/Users/RAYAN/Lab3/Lab3.sdk/Lab3_wrapper.hdf.
18:13:00 INFO  : Connected to target on host '127.0.0.1' and port '3121'.
18:13:01 INFO  : Jtag cable 'Xilinx PYNQ-Z1 003017AEE3C6A' is selected.
18:13:01 INFO  : 'jtag frequency' command is executed.
18:13:01 INFO  : Sourcing of 'C:/Users/RAYAN/Lab3/Lab3.sdk/Lab3_wrapper_hw_platform_0/ps7_init.tcl' is done.
18:13:01 INFO  : 'targets -set -filter {jtag_cable_name =~ "Xilinx PYNQ-Z1 003017AEE3C6A" && level==0} -index 1' command is executed.
18:13:03 INFO  : FPGA configured successfully with bitstream "C:/Users/RAYAN/Lab3/Lab3.sdk/Lab3_wrapper_hw_platform_0/Lab3_wrapper.bit"
18:13:03 INFO  : Context for 'APU' is selected.
18:13:03 INFO  : Hardware design information is loaded from 'C:/Users/RAYAN/Lab3/Lab3.sdk/Lab3_wrapper_hw_platform_0/system.hdf'.
18:13:03 INFO  : 'configparams force-mem-access 1' command is executed.
18:13:03 INFO  : Context for 'APU' is selected.
18:13:04 INFO  : 'stop' command is executed.
18:13:04 INFO  : 'ps7_init' command is executed.
18:13:04 INFO  : 'ps7_post_config' command is executed.
18:13:04 INFO  : Context for processor 'ps7_cortexa9_0' is selected.
18:13:04 INFO  : Processor reset is completed for 'ps7_cortexa9_0'.
18:13:04 INFO  : Context for processor 'ps7_cortexa9_0' is selected.
18:13:05 INFO  : The application 'C:/Users/RAYAN/Lab3/Lab3.sdk/multiplier/Debug/multiplier.elf' is downloaded to processor 'ps7_cortexa9_0'.
18:13:05 INFO  : 'configparams force-mem-access 0' command is executed.
18:13:05 INFO  : ----------------XSDB Script----------------
connect -url tcp:127.0.0.1:3121
source C:/Users/RAYAN/Lab3/Lab3.sdk/Lab3_wrapper_hw_platform_0/ps7_init.tcl
targets -set -filter {jtag_cable_name =~ "Xilinx PYNQ-Z1 003017AEE3C6A" && level==0} -index 1
fpga -file C:/Users/RAYAN/Lab3/Lab3.sdk/Lab3_wrapper_hw_platform_0/Lab3_wrapper.bit
targets -set -nocase -filter {name =~"APU*" && jtag_cable_name =~ "Xilinx PYNQ-Z1 003017AEE3C6A"} -index 0
loadhw -hw C:/Users/RAYAN/Lab3/Lab3.sdk/Lab3_wrapper_hw_platform_0/system.hdf -mem-ranges [list {0x40000000 0xbfffffff}]
configparams force-mem-access 1
targets -set -nocase -filter {name =~"APU*" && jtag_cable_name =~ "Xilinx PYNQ-Z1 003017AEE3C6A"} -index 0
stop
ps7_init
ps7_post_config
targets -set -nocase -filter {name =~ "ARM*#0" && jtag_cable_name =~ "Xilinx PYNQ-Z1 003017AEE3C6A"} -index 0
rst -processor
targets -set -nocase -filter {name =~ "ARM*#0" && jtag_cable_name =~ "Xilinx PYNQ-Z1 003017AEE3C6A"} -index 0
dow C:/Users/RAYAN/Lab3/Lab3.sdk/multiplier/Debug/multiplier.elf
configparams force-mem-access 0
----------------End of Script----------------

18:13:05 INFO  : Memory regions updated for context APU
18:13:05 INFO  : Context for processor 'ps7_cortexa9_0' is selected.
18:13:05 INFO  : 'con' command is executed.
18:13:05 INFO  : ----------------XSDB Script (After Launch)----------------
targets -set -nocase -filter {name =~ "ARM*#0" && jtag_cable_name =~ "Xilinx PYNQ-Z1 003017AEE3C6A"} -index 0
con
----------------End of Script----------------

18:13:05 INFO  : Launch script is exported to file 'C:\Users\RAYAN\Lab3\Lab3.sdk\.sdk\launch_scripts\xilinx_c-c++_application_(system_debugger)\system_debugger_using_debug_multiplier.elf_on_local.tcl'
18:46:07 INFO  : Disconnected from the channel tcfchan#1.
19:06:38 INFO  : Registering command handlers for SDK TCF services
19:06:39 INFO  : Launching XSCT server: xsct.bat -interactive C:\Users\RAYAN\Lab3\Lab3.sdk\temp_xsdb_launch_script.tcl
19:06:44 INFO  : XSCT server has started successfully.
19:06:45 INFO  : Successfully done setting XSCT server connection channel  
19:06:45 INFO  : Processing command line option -hwspec C:/Users/RAYAN/Lab3/Lab3.sdk/Lab3_wrapper.hdf.
19:06:45 INFO  : Successfully done setting SDK workspace  
19:06:45 INFO  : Checking for hwspec changes in the project Lab3_wrapper_hw_platform_0.
19:07:26 INFO  : Connected to target on host '127.0.0.1' and port '3121'.
19:07:26 INFO  : Jtag cable 'Xilinx PYNQ-Z1 003017AEE3C6A' is selected.
19:07:26 INFO  : 'jtag frequency' command is executed.
19:07:26 INFO  : Sourcing of 'C:/Users/RAYAN/Lab3/Lab3.sdk/Lab3_wrapper_hw_platform_0/ps7_init.tcl' is done.
19:07:26 INFO  : 'targets -set -filter {jtag_cable_name =~ "Xilinx PYNQ-Z1 003017AEE3C6A" && level==0} -index 1' command is executed.
19:07:29 INFO  : FPGA configured successfully with bitstream "C:/Users/RAYAN/Lab3/Lab3.sdk/Lab3_wrapper_hw_platform_0/Lab3_wrapper.bit"
19:07:29 INFO  : Context for 'APU' is selected.
19:07:30 INFO  : Hardware design information is loaded from 'C:/Users/RAYAN/Lab3/Lab3.sdk/Lab3_wrapper_hw_platform_0/system.hdf'.
19:07:30 INFO  : 'configparams force-mem-access 1' command is executed.
19:07:30 INFO  : Context for 'APU' is selected.
19:07:30 INFO  : 'stop' command is executed.
19:07:31 INFO  : 'ps7_init' command is executed.
19:07:31 INFO  : 'ps7_post_config' command is executed.
19:07:31 INFO  : Context for processor 'ps7_cortexa9_0' is selected.
19:07:31 INFO  : Processor reset is completed for 'ps7_cortexa9_0'.
19:07:31 INFO  : Context for processor 'ps7_cortexa9_0' is selected.
19:07:31 INFO  : The application 'C:/Users/RAYAN/Lab3/Lab3.sdk/multiplier/Debug/multiplier.elf' is downloaded to processor 'ps7_cortexa9_0'.
19:07:31 INFO  : 'configparams force-mem-access 0' command is executed.
19:07:31 INFO  : ----------------XSDB Script----------------
connect -url tcp:127.0.0.1:3121
source C:/Users/RAYAN/Lab3/Lab3.sdk/Lab3_wrapper_hw_platform_0/ps7_init.tcl
targets -set -filter {jtag_cable_name =~ "Xilinx PYNQ-Z1 003017AEE3C6A" && level==0} -index 1
fpga -file C:/Users/RAYAN/Lab3/Lab3.sdk/Lab3_wrapper_hw_platform_0/Lab3_wrapper.bit
targets -set -nocase -filter {name =~"APU*" && jtag_cable_name =~ "Xilinx PYNQ-Z1 003017AEE3C6A"} -index 0
loadhw -hw C:/Users/RAYAN/Lab3/Lab3.sdk/Lab3_wrapper_hw_platform_0/system.hdf -mem-ranges [list {0x40000000 0xbfffffff}]
configparams force-mem-access 1
targets -set -nocase -filter {name =~"APU*" && jtag_cable_name =~ "Xilinx PYNQ-Z1 003017AEE3C6A"} -index 0
stop
ps7_init
ps7_post_config
targets -set -nocase -filter {name =~ "ARM*#0" && jtag_cable_name =~ "Xilinx PYNQ-Z1 003017AEE3C6A"} -index 0
rst -processor
targets -set -nocase -filter {name =~ "ARM*#0" && jtag_cable_name =~ "Xilinx PYNQ-Z1 003017AEE3C6A"} -index 0
dow C:/Users/RAYAN/Lab3/Lab3.sdk/multiplier/Debug/multiplier.elf
configparams force-mem-access 0
----------------End of Script----------------

19:07:32 INFO  : Memory regions updated for context APU
19:07:32 INFO  : Context for processor 'ps7_cortexa9_0' is selected.
19:07:32 INFO  : 'con' command is executed.
19:07:32 INFO  : ----------------XSDB Script (After Launch)----------------
targets -set -nocase -filter {name =~ "ARM*#0" && jtag_cable_name =~ "Xilinx PYNQ-Z1 003017AEE3C6A"} -index 0
con
----------------End of Script----------------

19:07:32 INFO  : Launch script is exported to file 'C:\Users\RAYAN\Lab3\Lab3.sdk\.sdk\launch_scripts\xilinx_c-c++_application_(system_debugger)\system_debugger_using_debug_multiplier.elf_on_local_(1).tcl'
19:11:07 INFO  : Disconnected from the channel tcfchan#1.
19:11:08 INFO  : Connected to target on host '127.0.0.1' and port '3121'.
19:11:09 INFO  : Jtag cable 'Xilinx PYNQ-Z1 003017AEE3C6A' is selected.
19:11:09 INFO  : 'jtag frequency' command is executed.
19:11:09 INFO  : Sourcing of 'C:/Users/RAYAN/Lab3/Lab3.sdk/Lab3_wrapper_hw_platform_0/ps7_init.tcl' is done.
19:11:09 INFO  : 'targets -set -filter {jtag_cable_name =~ "Xilinx PYNQ-Z1 003017AEE3C6A" && level==0} -index 1' command is executed.
19:11:11 INFO  : FPGA configured successfully with bitstream "C:/Users/RAYAN/Lab3/Lab3.sdk/Lab3_wrapper_hw_platform_0/Lab3_wrapper.bit"
19:11:11 INFO  : Context for 'APU' is selected.
19:11:15 INFO  : Hardware design information is loaded from 'C:/Users/RAYAN/Lab3/Lab3.sdk/Lab3_wrapper_hw_platform_0/system.hdf'.
19:11:15 INFO  : 'configparams force-mem-access 1' command is executed.
19:11:15 INFO  : Context for 'APU' is selected.
19:11:15 INFO  : 'stop' command is executed.
19:11:16 INFO  : 'ps7_init' command is executed.
19:11:16 INFO  : 'ps7_post_config' command is executed.
19:11:16 INFO  : Context for processor 'ps7_cortexa9_0' is selected.
19:11:16 INFO  : Processor reset is completed for 'ps7_cortexa9_0'.
19:11:16 INFO  : Context for processor 'ps7_cortexa9_0' is selected.
19:11:16 INFO  : The application 'C:/Users/RAYAN/Lab3/Lab3.sdk/multiplier/Debug/multiplier.elf' is downloaded to processor 'ps7_cortexa9_0'.
19:11:16 INFO  : 'configparams force-mem-access 0' command is executed.
19:11:16 INFO  : ----------------XSDB Script----------------
connect -url tcp:127.0.0.1:3121
source C:/Users/RAYAN/Lab3/Lab3.sdk/Lab3_wrapper_hw_platform_0/ps7_init.tcl
targets -set -filter {jtag_cable_name =~ "Xilinx PYNQ-Z1 003017AEE3C6A" && level==0} -index 1
fpga -file C:/Users/RAYAN/Lab3/Lab3.sdk/Lab3_wrapper_hw_platform_0/Lab3_wrapper.bit
targets -set -nocase -filter {name =~"APU*" && jtag_cable_name =~ "Xilinx PYNQ-Z1 003017AEE3C6A"} -index 0
loadhw -hw C:/Users/RAYAN/Lab3/Lab3.sdk/Lab3_wrapper_hw_platform_0/system.hdf -mem-ranges [list {0x40000000 0xbfffffff}]
configparams force-mem-access 1
targets -set -nocase -filter {name =~"APU*" && jtag_cable_name =~ "Xilinx PYNQ-Z1 003017AEE3C6A"} -index 0
stop
ps7_init
ps7_post_config
targets -set -nocase -filter {name =~ "ARM*#0" && jtag_cable_name =~ "Xilinx PYNQ-Z1 003017AEE3C6A"} -index 0
rst -processor
targets -set -nocase -filter {name =~ "ARM*#0" && jtag_cable_name =~ "Xilinx PYNQ-Z1 003017AEE3C6A"} -index 0
dow C:/Users/RAYAN/Lab3/Lab3.sdk/multiplier/Debug/multiplier.elf
configparams force-mem-access 0
----------------End of Script----------------

19:11:16 INFO  : Memory regions updated for context APU
19:11:17 INFO  : Context for processor 'ps7_cortexa9_0' is selected.
19:11:17 INFO  : 'con' command is executed.
19:11:17 INFO  : ----------------XSDB Script (After Launch)----------------
targets -set -nocase -filter {name =~ "ARM*#0" && jtag_cable_name =~ "Xilinx PYNQ-Z1 003017AEE3C6A"} -index 0
con
----------------End of Script----------------

19:11:17 INFO  : Launch script is exported to file 'C:\Users\RAYAN\Lab3\Lab3.sdk\.sdk\launch_scripts\xilinx_c-c++_application_(system_debugger)\system_debugger_using_debug_multiplier.elf_on_local_(1).tcl'
19:33:36 INFO  : Disconnected from the channel tcfchan#2.
19:41:12 INFO  : Registering command handlers for SDK TCF services
19:41:12 INFO  : Launching XSCT server: xsct.bat -interactive C:\Users\RAYAN\Lab3\Lab3.sdk\temp_xsdb_launch_script.tcl
19:41:18 INFO  : XSCT server has started successfully.
19:41:19 INFO  : Successfully done setting XSCT server connection channel  
19:41:19 INFO  : Processing command line option -hwspec C:/Users/RAYAN/Lab3/Lab3.sdk/Lab3_wrapper.hdf.
19:41:19 INFO  : Successfully done setting SDK workspace  
19:41:19 INFO  : Checking for hwspec changes in the project Lab3_wrapper_hw_platform_0.
19:43:18 INFO  : Connected to target on host '127.0.0.1' and port '3121'.
19:43:19 INFO  : Jtag cable 'Xilinx PYNQ-Z1 003017AEE3C6A' is selected.
19:43:19 INFO  : 'jtag frequency' command is executed.
19:43:19 INFO  : Sourcing of 'C:/Users/RAYAN/Lab3/Lab3.sdk/Lab3_wrapper_hw_platform_0/ps7_init.tcl' is done.
19:43:19 INFO  : 'targets -set -filter {jtag_cable_name =~ "Xilinx PYNQ-Z1 003017AEE3C6A" && level==0} -index 1' command is executed.
19:43:22 INFO  : FPGA configured successfully with bitstream "C:/Users/RAYAN/Lab3/Lab3.sdk/Lab3_wrapper_hw_platform_0/Lab3_wrapper.bit"
19:43:22 INFO  : Context for 'APU' is selected.
19:43:22 INFO  : Hardware design information is loaded from 'C:/Users/RAYAN/Lab3/Lab3.sdk/Lab3_wrapper_hw_platform_0/system.hdf'.
19:43:22 INFO  : 'configparams force-mem-access 1' command is executed.
19:43:22 INFO  : Context for 'APU' is selected.
19:43:22 INFO  : 'stop' command is executed.
19:43:24 INFO  : 'ps7_init' command is executed.
19:43:24 INFO  : 'ps7_post_config' command is executed.
19:43:24 INFO  : Context for processor 'ps7_cortexa9_0' is selected.
19:43:24 INFO  : Processor reset is completed for 'ps7_cortexa9_0'.
19:43:24 INFO  : Context for processor 'ps7_cortexa9_0' is selected.
19:43:25 INFO  : The application 'C:/Users/RAYAN/Lab3/Lab3.sdk/multiplier/Debug/multiplier.elf' is downloaded to processor 'ps7_cortexa9_0'.
19:43:25 INFO  : 'configparams force-mem-access 0' command is executed.
19:43:25 INFO  : ----------------XSDB Script----------------
connect -url tcp:127.0.0.1:3121
source C:/Users/RAYAN/Lab3/Lab3.sdk/Lab3_wrapper_hw_platform_0/ps7_init.tcl
targets -set -filter {jtag_cable_name =~ "Xilinx PYNQ-Z1 003017AEE3C6A" && level==0} -index 1
fpga -file C:/Users/RAYAN/Lab3/Lab3.sdk/Lab3_wrapper_hw_platform_0/Lab3_wrapper.bit
targets -set -nocase -filter {name =~"APU*" && jtag_cable_name =~ "Xilinx PYNQ-Z1 003017AEE3C6A"} -index 0
loadhw -hw C:/Users/RAYAN/Lab3/Lab3.sdk/Lab3_wrapper_hw_platform_0/system.hdf -mem-ranges [list {0x40000000 0xbfffffff}]
configparams force-mem-access 1
targets -set -nocase -filter {name =~"APU*" && jtag_cable_name =~ "Xilinx PYNQ-Z1 003017AEE3C6A"} -index 0
stop
ps7_init
ps7_post_config
targets -set -nocase -filter {name =~ "ARM*#0" && jtag_cable_name =~ "Xilinx PYNQ-Z1 003017AEE3C6A"} -index 0
rst -processor
targets -set -nocase -filter {name =~ "ARM*#0" && jtag_cable_name =~ "Xilinx PYNQ-Z1 003017AEE3C6A"} -index 0
dow C:/Users/RAYAN/Lab3/Lab3.sdk/multiplier/Debug/multiplier.elf
configparams force-mem-access 0
----------------End of Script----------------

19:43:25 INFO  : Memory regions updated for context APU
19:43:25 INFO  : Context for processor 'ps7_cortexa9_0' is selected.
19:43:25 INFO  : 'con' command is executed.
19:43:25 INFO  : ----------------XSDB Script (After Launch)----------------
targets -set -nocase -filter {name =~ "ARM*#0" && jtag_cable_name =~ "Xilinx PYNQ-Z1 003017AEE3C6A"} -index 0
con
----------------End of Script----------------

19:43:25 INFO  : Launch script is exported to file 'C:\Users\RAYAN\Lab3\Lab3.sdk\.sdk\launch_scripts\xilinx_c-c++_application_(system_debugger)\system_debugger_using_debug_multiplier.elf_on_local_(1).tcl'
19:45:14 INFO  : Disconnected from the channel tcfchan#1.
19:45:15 INFO  : Connected to target on host '127.0.0.1' and port '3121'.
19:45:15 INFO  : Jtag cable 'Xilinx PYNQ-Z1 003017AEE3C6A' is selected.
19:45:15 INFO  : 'jtag frequency' command is executed.
19:45:15 INFO  : Sourcing of 'C:/Users/RAYAN/Lab3/Lab3.sdk/Lab3_wrapper_hw_platform_0/ps7_init.tcl' is done.
19:45:15 INFO  : 'targets -set -filter {jtag_cable_name =~ "Xilinx PYNQ-Z1 003017AEE3C6A" && level==0} -index 1' command is executed.
19:45:18 INFO  : FPGA configured successfully with bitstream "C:/Users/RAYAN/Lab3/Lab3.sdk/Lab3_wrapper_hw_platform_0/Lab3_wrapper.bit"
19:45:18 INFO  : Context for 'APU' is selected.
19:45:20 INFO  : Hardware design information is loaded from 'C:/Users/RAYAN/Lab3/Lab3.sdk/Lab3_wrapper_hw_platform_0/system.hdf'.
19:45:20 INFO  : 'configparams force-mem-access 1' command is executed.
19:45:21 INFO  : Context for 'APU' is selected.
19:45:21 INFO  : 'stop' command is executed.
19:45:22 INFO  : 'ps7_init' command is executed.
19:45:22 INFO  : 'ps7_post_config' command is executed.
19:45:22 INFO  : Context for processor 'ps7_cortexa9_0' is selected.
19:45:22 INFO  : Processor reset is completed for 'ps7_cortexa9_0'.
19:45:22 INFO  : Context for processor 'ps7_cortexa9_0' is selected.
19:45:22 INFO  : The application 'C:/Users/RAYAN/Lab3/Lab3.sdk/multiplier/Debug/multiplier.elf' is downloaded to processor 'ps7_cortexa9_0'.
19:45:22 INFO  : 'configparams force-mem-access 0' command is executed.
19:45:22 INFO  : ----------------XSDB Script----------------
connect -url tcp:127.0.0.1:3121
source C:/Users/RAYAN/Lab3/Lab3.sdk/Lab3_wrapper_hw_platform_0/ps7_init.tcl
targets -set -filter {jtag_cable_name =~ "Xilinx PYNQ-Z1 003017AEE3C6A" && level==0} -index 1
fpga -file C:/Users/RAYAN/Lab3/Lab3.sdk/Lab3_wrapper_hw_platform_0/Lab3_wrapper.bit
targets -set -nocase -filter {name =~"APU*" && jtag_cable_name =~ "Xilinx PYNQ-Z1 003017AEE3C6A"} -index 0
loadhw -hw C:/Users/RAYAN/Lab3/Lab3.sdk/Lab3_wrapper_hw_platform_0/system.hdf -mem-ranges [list {0x40000000 0xbfffffff}]
configparams force-mem-access 1
targets -set -nocase -filter {name =~"APU*" && jtag_cable_name =~ "Xilinx PYNQ-Z1 003017AEE3C6A"} -index 0
stop
ps7_init
ps7_post_config
targets -set -nocase -filter {name =~ "ARM*#0" && jtag_cable_name =~ "Xilinx PYNQ-Z1 003017AEE3C6A"} -index 0
rst -processor
targets -set -nocase -filter {name =~ "ARM*#0" && jtag_cable_name =~ "Xilinx PYNQ-Z1 003017AEE3C6A"} -index 0
dow C:/Users/RAYAN/Lab3/Lab3.sdk/multiplier/Debug/multiplier.elf
configparams force-mem-access 0
----------------End of Script----------------

19:45:22 INFO  : Memory regions updated for context APU
19:45:22 INFO  : Context for processor 'ps7_cortexa9_0' is selected.
19:45:22 INFO  : 'con' command is executed.
19:45:22 INFO  : ----------------XSDB Script (After Launch)----------------
targets -set -nocase -filter {name =~ "ARM*#0" && jtag_cable_name =~ "Xilinx PYNQ-Z1 003017AEE3C6A"} -index 0
con
----------------End of Script----------------

19:45:22 INFO  : Launch script is exported to file 'C:\Users\RAYAN\Lab3\Lab3.sdk\.sdk\launch_scripts\xilinx_c-c++_application_(system_debugger)\system_debugger_using_debug_multiplier.elf_on_local_(1).tcl'
19:47:00 INFO  : Disconnected from the channel tcfchan#2.
19:47:01 INFO  : Connected to target on host '127.0.0.1' and port '3121'.
19:47:01 INFO  : Jtag cable 'Xilinx PYNQ-Z1 003017AEE3C6A' is selected.
19:47:01 INFO  : 'jtag frequency' command is executed.
19:47:01 INFO  : Sourcing of 'C:/Users/RAYAN/Lab3/Lab3.sdk/Lab3_wrapper_hw_platform_0/ps7_init.tcl' is done.
19:47:01 INFO  : 'targets -set -filter {jtag_cable_name =~ "Xilinx PYNQ-Z1 003017AEE3C6A" && level==0} -index 1' command is executed.
19:47:04 INFO  : FPGA configured successfully with bitstream "C:/Users/RAYAN/Lab3/Lab3.sdk/Lab3_wrapper_hw_platform_0/Lab3_wrapper.bit"
19:47:04 INFO  : Context for 'APU' is selected.
19:47:07 INFO  : Hardware design information is loaded from 'C:/Users/RAYAN/Lab3/Lab3.sdk/Lab3_wrapper_hw_platform_0/system.hdf'.
19:47:07 INFO  : 'configparams force-mem-access 1' command is executed.
19:47:07 INFO  : Context for 'APU' is selected.
19:47:07 INFO  : 'stop' command is executed.
19:47:07 INFO  : 'ps7_init' command is executed.
19:47:07 INFO  : 'ps7_post_config' command is executed.
19:47:08 INFO  : Context for processor 'ps7_cortexa9_0' is selected.
19:47:08 INFO  : Processor reset is completed for 'ps7_cortexa9_0'.
19:47:08 INFO  : Context for processor 'ps7_cortexa9_0' is selected.
19:47:08 INFO  : The application 'C:/Users/RAYAN/Lab3/Lab3.sdk/multiplier/Debug/multiplier.elf' is downloaded to processor 'ps7_cortexa9_0'.
19:47:08 INFO  : 'configparams force-mem-access 0' command is executed.
19:47:08 INFO  : ----------------XSDB Script----------------
connect -url tcp:127.0.0.1:3121
source C:/Users/RAYAN/Lab3/Lab3.sdk/Lab3_wrapper_hw_platform_0/ps7_init.tcl
targets -set -filter {jtag_cable_name =~ "Xilinx PYNQ-Z1 003017AEE3C6A" && level==0} -index 1
fpga -file C:/Users/RAYAN/Lab3/Lab3.sdk/Lab3_wrapper_hw_platform_0/Lab3_wrapper.bit
targets -set -nocase -filter {name =~"APU*" && jtag_cable_name =~ "Xilinx PYNQ-Z1 003017AEE3C6A"} -index 0
loadhw -hw C:/Users/RAYAN/Lab3/Lab3.sdk/Lab3_wrapper_hw_platform_0/system.hdf -mem-ranges [list {0x40000000 0xbfffffff}]
configparams force-mem-access 1
targets -set -nocase -filter {name =~"APU*" && jtag_cable_name =~ "Xilinx PYNQ-Z1 003017AEE3C6A"} -index 0
stop
ps7_init
ps7_post_config
targets -set -nocase -filter {name =~ "ARM*#0" && jtag_cable_name =~ "Xilinx PYNQ-Z1 003017AEE3C6A"} -index 0
rst -processor
targets -set -nocase -filter {name =~ "ARM*#0" && jtag_cable_name =~ "Xilinx PYNQ-Z1 003017AEE3C6A"} -index 0
dow C:/Users/RAYAN/Lab3/Lab3.sdk/multiplier/Debug/multiplier.elf
configparams force-mem-access 0
----------------End of Script----------------

19:47:08 INFO  : Memory regions updated for context APU
19:47:08 INFO  : Context for processor 'ps7_cortexa9_0' is selected.
19:47:08 INFO  : 'con' command is executed.
19:47:08 INFO  : ----------------XSDB Script (After Launch)----------------
targets -set -nocase -filter {name =~ "ARM*#0" && jtag_cable_name =~ "Xilinx PYNQ-Z1 003017AEE3C6A"} -index 0
con
----------------End of Script----------------

19:47:08 INFO  : Launch script is exported to file 'C:\Users\RAYAN\Lab3\Lab3.sdk\.sdk\launch_scripts\xilinx_c-c++_application_(system_debugger)\system_debugger_using_debug_multiplier.elf_on_local_(1).tcl'
19:56:41 INFO  : Disconnected from the channel tcfchan#3.
19:56:42 INFO  : Connected to target on host '127.0.0.1' and port '3121'.
19:56:42 INFO  : Jtag cable 'Xilinx PYNQ-Z1 003017AEE3C6A' is selected.
19:56:42 INFO  : 'jtag frequency' command is executed.
19:56:42 INFO  : Sourcing of 'C:/Users/RAYAN/Lab3/Lab3.sdk/Lab3_wrapper_hw_platform_0/ps7_init.tcl' is done.
19:56:42 INFO  : 'targets -set -filter {jtag_cable_name =~ "Xilinx PYNQ-Z1 003017AEE3C6A" && level==0} -index 1' command is executed.
19:56:44 INFO  : FPGA configured successfully with bitstream "C:/Users/RAYAN/Lab3/Lab3.sdk/Lab3_wrapper_hw_platform_0/Lab3_wrapper.bit"
19:56:45 INFO  : Context for 'APU' is selected.
19:56:48 INFO  : Hardware design information is loaded from 'C:/Users/RAYAN/Lab3/Lab3.sdk/Lab3_wrapper_hw_platform_0/system.hdf'.
19:56:48 INFO  : 'configparams force-mem-access 1' command is executed.
19:56:48 INFO  : Context for 'APU' is selected.
19:56:48 INFO  : 'stop' command is executed.
19:56:48 INFO  : 'ps7_init' command is executed.
19:56:48 INFO  : 'ps7_post_config' command is executed.
19:56:48 INFO  : Context for processor 'ps7_cortexa9_0' is selected.
19:56:49 INFO  : Processor reset is completed for 'ps7_cortexa9_0'.
19:56:49 INFO  : Context for processor 'ps7_cortexa9_0' is selected.
19:56:49 INFO  : The application 'C:/Users/RAYAN/Lab3/Lab3.sdk/multiplier/Debug/multiplier.elf' is downloaded to processor 'ps7_cortexa9_0'.
19:56:49 INFO  : 'configparams force-mem-access 0' command is executed.
19:56:49 INFO  : ----------------XSDB Script----------------
connect -url tcp:127.0.0.1:3121
source C:/Users/RAYAN/Lab3/Lab3.sdk/Lab3_wrapper_hw_platform_0/ps7_init.tcl
targets -set -filter {jtag_cable_name =~ "Xilinx PYNQ-Z1 003017AEE3C6A" && level==0} -index 1
fpga -file C:/Users/RAYAN/Lab3/Lab3.sdk/Lab3_wrapper_hw_platform_0/Lab3_wrapper.bit
targets -set -nocase -filter {name =~"APU*" && jtag_cable_name =~ "Xilinx PYNQ-Z1 003017AEE3C6A"} -index 0
loadhw -hw C:/Users/RAYAN/Lab3/Lab3.sdk/Lab3_wrapper_hw_platform_0/system.hdf -mem-ranges [list {0x40000000 0xbfffffff}]
configparams force-mem-access 1
targets -set -nocase -filter {name =~"APU*" && jtag_cable_name =~ "Xilinx PYNQ-Z1 003017AEE3C6A"} -index 0
stop
ps7_init
ps7_post_config
targets -set -nocase -filter {name =~ "ARM*#0" && jtag_cable_name =~ "Xilinx PYNQ-Z1 003017AEE3C6A"} -index 0
rst -processor
targets -set -nocase -filter {name =~ "ARM*#0" && jtag_cable_name =~ "Xilinx PYNQ-Z1 003017AEE3C6A"} -index 0
dow C:/Users/RAYAN/Lab3/Lab3.sdk/multiplier/Debug/multiplier.elf
configparams force-mem-access 0
----------------End of Script----------------

19:56:49 INFO  : Memory regions updated for context APU
19:56:49 INFO  : Context for processor 'ps7_cortexa9_0' is selected.
19:56:49 INFO  : 'con' command is executed.
19:56:49 INFO  : ----------------XSDB Script (After Launch)----------------
targets -set -nocase -filter {name =~ "ARM*#0" && jtag_cable_name =~ "Xilinx PYNQ-Z1 003017AEE3C6A"} -index 0
con
----------------End of Script----------------

19:56:49 INFO  : Launch script is exported to file 'C:\Users\RAYAN\Lab3\Lab3.sdk\.sdk\launch_scripts\xilinx_c-c++_application_(system_debugger)\system_debugger_using_debug_multiplier.elf_on_local_(1).tcl'
20:07:04 INFO  : Disconnected from the channel tcfchan#4.
20:07:05 INFO  : Connected to target on host '127.0.0.1' and port '3121'.
20:07:05 INFO  : Jtag cable 'Xilinx PYNQ-Z1 003017AEE3C6A' is selected.
20:07:05 INFO  : 'jtag frequency' command is executed.
20:07:05 INFO  : Sourcing of 'C:/Users/RAYAN/Lab3/Lab3.sdk/Lab3_wrapper_hw_platform_0/ps7_init.tcl' is done.
20:07:05 INFO  : 'targets -set -filter {jtag_cable_name =~ "Xilinx PYNQ-Z1 003017AEE3C6A" && level==0} -index 1' command is executed.
20:07:07 INFO  : FPGA configured successfully with bitstream "C:/Users/RAYAN/Lab3/Lab3.sdk/Lab3_wrapper_hw_platform_0/Lab3_wrapper.bit"
20:07:07 INFO  : Context for 'APU' is selected.
20:07:10 INFO  : Hardware design information is loaded from 'C:/Users/RAYAN/Lab3/Lab3.sdk/Lab3_wrapper_hw_platform_0/system.hdf'.
20:07:10 INFO  : 'configparams force-mem-access 1' command is executed.
20:07:10 INFO  : Context for 'APU' is selected.
20:07:10 INFO  : 'stop' command is executed.
20:07:11 INFO  : 'ps7_init' command is executed.
20:07:11 INFO  : 'ps7_post_config' command is executed.
20:07:11 INFO  : Context for processor 'ps7_cortexa9_0' is selected.
20:07:11 INFO  : Processor reset is completed for 'ps7_cortexa9_0'.
20:07:11 INFO  : Context for processor 'ps7_cortexa9_0' is selected.
20:07:12 INFO  : The application 'C:/Users/RAYAN/Lab3/Lab3.sdk/multiplier/Debug/multiplier.elf' is downloaded to processor 'ps7_cortexa9_0'.
20:07:12 INFO  : 'configparams force-mem-access 0' command is executed.
20:07:12 INFO  : ----------------XSDB Script----------------
connect -url tcp:127.0.0.1:3121
source C:/Users/RAYAN/Lab3/Lab3.sdk/Lab3_wrapper_hw_platform_0/ps7_init.tcl
targets -set -filter {jtag_cable_name =~ "Xilinx PYNQ-Z1 003017AEE3C6A" && level==0} -index 1
fpga -file C:/Users/RAYAN/Lab3/Lab3.sdk/Lab3_wrapper_hw_platform_0/Lab3_wrapper.bit
targets -set -nocase -filter {name =~"APU*" && jtag_cable_name =~ "Xilinx PYNQ-Z1 003017AEE3C6A"} -index 0
loadhw -hw C:/Users/RAYAN/Lab3/Lab3.sdk/Lab3_wrapper_hw_platform_0/system.hdf -mem-ranges [list {0x40000000 0xbfffffff}]
configparams force-mem-access 1
targets -set -nocase -filter {name =~"APU*" && jtag_cable_name =~ "Xilinx PYNQ-Z1 003017AEE3C6A"} -index 0
stop
ps7_init
ps7_post_config
targets -set -nocase -filter {name =~ "ARM*#0" && jtag_cable_name =~ "Xilinx PYNQ-Z1 003017AEE3C6A"} -index 0
rst -processor
targets -set -nocase -filter {name =~ "ARM*#0" && jtag_cable_name =~ "Xilinx PYNQ-Z1 003017AEE3C6A"} -index 0
dow C:/Users/RAYAN/Lab3/Lab3.sdk/multiplier/Debug/multiplier.elf
configparams force-mem-access 0
----------------End of Script----------------

20:07:12 INFO  : Memory regions updated for context APU
20:07:12 INFO  : Context for processor 'ps7_cortexa9_0' is selected.
20:07:12 INFO  : 'con' command is executed.
20:07:12 INFO  : ----------------XSDB Script (After Launch)----------------
targets -set -nocase -filter {name =~ "ARM*#0" && jtag_cable_name =~ "Xilinx PYNQ-Z1 003017AEE3C6A"} -index 0
con
----------------End of Script----------------

20:07:12 INFO  : Launch script is exported to file 'C:\Users\RAYAN\Lab3\Lab3.sdk\.sdk\launch_scripts\xilinx_c-c++_application_(system_debugger)\system_debugger_using_debug_multiplier.elf_on_local_(1).tcl'
20:08:26 INFO  : Disconnected from the channel tcfchan#5.
20:08:27 INFO  : Connected to target on host '127.0.0.1' and port '3121'.
20:08:27 INFO  : Jtag cable 'Xilinx PYNQ-Z1 003017AEE3C6A' is selected.
20:08:27 INFO  : 'jtag frequency' command is executed.
20:08:27 INFO  : Sourcing of 'C:/Users/RAYAN/Lab3/Lab3.sdk/Lab3_wrapper_hw_platform_0/ps7_init.tcl' is done.
20:08:27 INFO  : 'targets -set -filter {jtag_cable_name =~ "Xilinx PYNQ-Z1 003017AEE3C6A" && level==0} -index 1' command is executed.
20:08:30 INFO  : FPGA configured successfully with bitstream "C:/Users/RAYAN/Lab3/Lab3.sdk/Lab3_wrapper_hw_platform_0/Lab3_wrapper.bit"
20:08:30 INFO  : Context for 'APU' is selected.
20:08:33 INFO  : Hardware design information is loaded from 'C:/Users/RAYAN/Lab3/Lab3.sdk/Lab3_wrapper_hw_platform_0/system.hdf'.
20:08:33 INFO  : 'configparams force-mem-access 1' command is executed.
20:08:33 INFO  : Context for 'APU' is selected.
20:08:33 INFO  : 'stop' command is executed.
20:08:34 INFO  : 'ps7_init' command is executed.
20:08:34 INFO  : 'ps7_post_config' command is executed.
20:08:34 INFO  : Context for processor 'ps7_cortexa9_0' is selected.
20:08:34 INFO  : Processor reset is completed for 'ps7_cortexa9_0'.
20:08:34 INFO  : Context for processor 'ps7_cortexa9_0' is selected.
20:08:34 INFO  : The application 'C:/Users/RAYAN/Lab3/Lab3.sdk/multiplier/Debug/multiplier.elf' is downloaded to processor 'ps7_cortexa9_0'.
20:08:34 INFO  : 'configparams force-mem-access 0' command is executed.
20:08:34 INFO  : ----------------XSDB Script----------------
connect -url tcp:127.0.0.1:3121
source C:/Users/RAYAN/Lab3/Lab3.sdk/Lab3_wrapper_hw_platform_0/ps7_init.tcl
targets -set -filter {jtag_cable_name =~ "Xilinx PYNQ-Z1 003017AEE3C6A" && level==0} -index 1
fpga -file C:/Users/RAYAN/Lab3/Lab3.sdk/Lab3_wrapper_hw_platform_0/Lab3_wrapper.bit
targets -set -nocase -filter {name =~"APU*" && jtag_cable_name =~ "Xilinx PYNQ-Z1 003017AEE3C6A"} -index 0
loadhw -hw C:/Users/RAYAN/Lab3/Lab3.sdk/Lab3_wrapper_hw_platform_0/system.hdf -mem-ranges [list {0x40000000 0xbfffffff}]
configparams force-mem-access 1
targets -set -nocase -filter {name =~"APU*" && jtag_cable_name =~ "Xilinx PYNQ-Z1 003017AEE3C6A"} -index 0
stop
ps7_init
ps7_post_config
targets -set -nocase -filter {name =~ "ARM*#0" && jtag_cable_name =~ "Xilinx PYNQ-Z1 003017AEE3C6A"} -index 0
rst -processor
targets -set -nocase -filter {name =~ "ARM*#0" && jtag_cable_name =~ "Xilinx PYNQ-Z1 003017AEE3C6A"} -index 0
dow C:/Users/RAYAN/Lab3/Lab3.sdk/multiplier/Debug/multiplier.elf
configparams force-mem-access 0
----------------End of Script----------------

20:08:34 INFO  : Memory regions updated for context APU
20:08:34 INFO  : Context for processor 'ps7_cortexa9_0' is selected.
20:08:35 INFO  : 'con' command is executed.
20:08:35 INFO  : ----------------XSDB Script (After Launch)----------------
targets -set -nocase -filter {name =~ "ARM*#0" && jtag_cable_name =~ "Xilinx PYNQ-Z1 003017AEE3C6A"} -index 0
con
----------------End of Script----------------

20:08:35 INFO  : Launch script is exported to file 'C:\Users\RAYAN\Lab3\Lab3.sdk\.sdk\launch_scripts\xilinx_c-c++_application_(system_debugger)\system_debugger_using_debug_multiplier.elf_on_local_(1).tcl'
20:10:32 INFO  : Disconnected from the channel tcfchan#6.
20:10:33 INFO  : Connected to target on host '127.0.0.1' and port '3121'.
20:10:33 INFO  : Jtag cable 'Xilinx PYNQ-Z1 003017AEE3C6A' is selected.
20:10:33 INFO  : 'jtag frequency' command is executed.
20:10:33 INFO  : Sourcing of 'C:/Users/RAYAN/Lab3/Lab3.sdk/Lab3_wrapper_hw_platform_0/ps7_init.tcl' is done.
20:10:33 INFO  : 'targets -set -filter {jtag_cable_name =~ "Xilinx PYNQ-Z1 003017AEE3C6A" && level==0} -index 1' command is executed.
20:10:35 INFO  : FPGA configured successfully with bitstream "C:/Users/RAYAN/Lab3/Lab3.sdk/Lab3_wrapper_hw_platform_0/Lab3_wrapper.bit"
20:10:36 INFO  : Context for 'APU' is selected.
20:10:39 INFO  : Hardware design information is loaded from 'C:/Users/RAYAN/Lab3/Lab3.sdk/Lab3_wrapper_hw_platform_0/system.hdf'.
20:10:39 INFO  : 'configparams force-mem-access 1' command is executed.
20:10:39 INFO  : Context for 'APU' is selected.
20:10:39 INFO  : 'stop' command is executed.
20:10:40 INFO  : 'ps7_init' command is executed.
20:10:40 INFO  : 'ps7_post_config' command is executed.
20:10:40 INFO  : Context for processor 'ps7_cortexa9_0' is selected.
20:10:40 INFO  : Processor reset is completed for 'ps7_cortexa9_0'.
20:10:40 INFO  : Context for processor 'ps7_cortexa9_0' is selected.
20:10:40 INFO  : The application 'C:/Users/RAYAN/Lab3/Lab3.sdk/multiplier/Debug/multiplier.elf' is downloaded to processor 'ps7_cortexa9_0'.
20:10:40 INFO  : 'configparams force-mem-access 0' command is executed.
20:10:40 INFO  : ----------------XSDB Script----------------
connect -url tcp:127.0.0.1:3121
source C:/Users/RAYAN/Lab3/Lab3.sdk/Lab3_wrapper_hw_platform_0/ps7_init.tcl
targets -set -filter {jtag_cable_name =~ "Xilinx PYNQ-Z1 003017AEE3C6A" && level==0} -index 1
fpga -file C:/Users/RAYAN/Lab3/Lab3.sdk/Lab3_wrapper_hw_platform_0/Lab3_wrapper.bit
targets -set -nocase -filter {name =~"APU*" && jtag_cable_name =~ "Xilinx PYNQ-Z1 003017AEE3C6A"} -index 0
loadhw -hw C:/Users/RAYAN/Lab3/Lab3.sdk/Lab3_wrapper_hw_platform_0/system.hdf -mem-ranges [list {0x40000000 0xbfffffff}]
configparams force-mem-access 1
targets -set -nocase -filter {name =~"APU*" && jtag_cable_name =~ "Xilinx PYNQ-Z1 003017AEE3C6A"} -index 0
stop
ps7_init
ps7_post_config
targets -set -nocase -filter {name =~ "ARM*#0" && jtag_cable_name =~ "Xilinx PYNQ-Z1 003017AEE3C6A"} -index 0
rst -processor
targets -set -nocase -filter {name =~ "ARM*#0" && jtag_cable_name =~ "Xilinx PYNQ-Z1 003017AEE3C6A"} -index 0
dow C:/Users/RAYAN/Lab3/Lab3.sdk/multiplier/Debug/multiplier.elf
configparams force-mem-access 0
----------------End of Script----------------

20:10:40 INFO  : Memory regions updated for context APU
20:10:41 INFO  : Context for processor 'ps7_cortexa9_0' is selected.
20:10:41 INFO  : 'con' command is executed.
20:10:41 INFO  : ----------------XSDB Script (After Launch)----------------
targets -set -nocase -filter {name =~ "ARM*#0" && jtag_cable_name =~ "Xilinx PYNQ-Z1 003017AEE3C6A"} -index 0
con
----------------End of Script----------------

20:10:41 INFO  : Launch script is exported to file 'C:\Users\RAYAN\Lab3\Lab3.sdk\.sdk\launch_scripts\xilinx_c-c++_application_(system_debugger)\system_debugger_using_debug_multiplier.elf_on_local_(1).tcl'
20:19:08 INFO  : Disconnected from the channel tcfchan#7.
20:19:09 INFO  : Connected to target on host '127.0.0.1' and port '3121'.
20:19:09 INFO  : Jtag cable 'Xilinx PYNQ-Z1 003017AEE3C6A' is selected.
20:19:10 INFO  : 'jtag frequency' command is executed.
20:19:10 INFO  : Sourcing of 'C:/Users/RAYAN/Lab3/Lab3.sdk/Lab3_wrapper_hw_platform_0/ps7_init.tcl' is done.
20:19:10 INFO  : 'targets -set -filter {jtag_cable_name =~ "Xilinx PYNQ-Z1 003017AEE3C6A" && level==0} -index 1' command is executed.
20:19:12 INFO  : FPGA configured successfully with bitstream "C:/Users/RAYAN/Lab3/Lab3.sdk/Lab3_wrapper_hw_platform_0/Lab3_wrapper.bit"
20:19:12 INFO  : Context for 'APU' is selected.
20:19:16 INFO  : Hardware design information is loaded from 'C:/Users/RAYAN/Lab3/Lab3.sdk/Lab3_wrapper_hw_platform_0/system.hdf'.
20:19:16 INFO  : 'configparams force-mem-access 1' command is executed.
20:19:16 INFO  : Context for 'APU' is selected.
20:19:16 INFO  : 'stop' command is executed.
20:19:16 INFO  : 'ps7_init' command is executed.
20:19:16 INFO  : 'ps7_post_config' command is executed.
20:19:17 INFO  : Context for processor 'ps7_cortexa9_0' is selected.
20:19:17 INFO  : Processor reset is completed for 'ps7_cortexa9_0'.
20:19:17 INFO  : Context for processor 'ps7_cortexa9_0' is selected.
20:19:17 INFO  : The application 'C:/Users/RAYAN/Lab3/Lab3.sdk/multiplier/Debug/multiplier.elf' is downloaded to processor 'ps7_cortexa9_0'.
20:19:17 INFO  : 'configparams force-mem-access 0' command is executed.
20:19:17 INFO  : ----------------XSDB Script----------------
connect -url tcp:127.0.0.1:3121
source C:/Users/RAYAN/Lab3/Lab3.sdk/Lab3_wrapper_hw_platform_0/ps7_init.tcl
targets -set -filter {jtag_cable_name =~ "Xilinx PYNQ-Z1 003017AEE3C6A" && level==0} -index 1
fpga -file C:/Users/RAYAN/Lab3/Lab3.sdk/Lab3_wrapper_hw_platform_0/Lab3_wrapper.bit
targets -set -nocase -filter {name =~"APU*" && jtag_cable_name =~ "Xilinx PYNQ-Z1 003017AEE3C6A"} -index 0
loadhw -hw C:/Users/RAYAN/Lab3/Lab3.sdk/Lab3_wrapper_hw_platform_0/system.hdf -mem-ranges [list {0x40000000 0xbfffffff}]
configparams force-mem-access 1
targets -set -nocase -filter {name =~"APU*" && jtag_cable_name =~ "Xilinx PYNQ-Z1 003017AEE3C6A"} -index 0
stop
ps7_init
ps7_post_config
targets -set -nocase -filter {name =~ "ARM*#0" && jtag_cable_name =~ "Xilinx PYNQ-Z1 003017AEE3C6A"} -index 0
rst -processor
targets -set -nocase -filter {name =~ "ARM*#0" && jtag_cable_name =~ "Xilinx PYNQ-Z1 003017AEE3C6A"} -index 0
dow C:/Users/RAYAN/Lab3/Lab3.sdk/multiplier/Debug/multiplier.elf
configparams force-mem-access 0
----------------End of Script----------------

20:19:17 INFO  : Memory regions updated for context APU
20:19:17 INFO  : Context for processor 'ps7_cortexa9_0' is selected.
20:19:17 INFO  : 'con' command is executed.
20:19:17 INFO  : ----------------XSDB Script (After Launch)----------------
targets -set -nocase -filter {name =~ "ARM*#0" && jtag_cable_name =~ "Xilinx PYNQ-Z1 003017AEE3C6A"} -index 0
con
----------------End of Script----------------

20:19:17 INFO  : Launch script is exported to file 'C:\Users\RAYAN\Lab3\Lab3.sdk\.sdk\launch_scripts\xilinx_c-c++_application_(system_debugger)\system_debugger_using_debug_multiplier.elf_on_local_(1).tcl'
20:21:22 INFO  : Disconnected from the channel tcfchan#8.
20:21:23 INFO  : Connected to target on host '127.0.0.1' and port '3121'.
20:21:23 INFO  : Jtag cable 'Xilinx PYNQ-Z1 003017AEE3C6A' is selected.
20:21:23 INFO  : 'jtag frequency' command is executed.
20:21:23 INFO  : Sourcing of 'C:/Users/RAYAN/Lab3/Lab3.sdk/Lab3_wrapper_hw_platform_0/ps7_init.tcl' is done.
20:21:23 INFO  : 'targets -set -filter {jtag_cable_name =~ "Xilinx PYNQ-Z1 003017AEE3C6A" && level==0} -index 1' command is executed.
20:21:26 INFO  : FPGA configured successfully with bitstream "C:/Users/RAYAN/Lab3/Lab3.sdk/Lab3_wrapper_hw_platform_0/Lab3_wrapper.bit"
20:21:26 INFO  : Context for 'APU' is selected.
20:21:30 INFO  : Hardware design information is loaded from 'C:/Users/RAYAN/Lab3/Lab3.sdk/Lab3_wrapper_hw_platform_0/system.hdf'.
20:21:30 INFO  : 'configparams force-mem-access 1' command is executed.
20:21:30 INFO  : Context for 'APU' is selected.
20:21:30 INFO  : 'stop' command is executed.
20:21:30 INFO  : 'ps7_init' command is executed.
20:21:30 INFO  : 'ps7_post_config' command is executed.
20:21:31 INFO  : Context for processor 'ps7_cortexa9_0' is selected.
20:21:31 INFO  : Processor reset is completed for 'ps7_cortexa9_0'.
20:21:31 INFO  : Context for processor 'ps7_cortexa9_0' is selected.
20:21:31 INFO  : The application 'C:/Users/RAYAN/Lab3/Lab3.sdk/multiplier/Debug/multiplier.elf' is downloaded to processor 'ps7_cortexa9_0'.
20:21:31 INFO  : 'configparams force-mem-access 0' command is executed.
20:21:31 INFO  : ----------------XSDB Script----------------
connect -url tcp:127.0.0.1:3121
source C:/Users/RAYAN/Lab3/Lab3.sdk/Lab3_wrapper_hw_platform_0/ps7_init.tcl
targets -set -filter {jtag_cable_name =~ "Xilinx PYNQ-Z1 003017AEE3C6A" && level==0} -index 1
fpga -file C:/Users/RAYAN/Lab3/Lab3.sdk/Lab3_wrapper_hw_platform_0/Lab3_wrapper.bit
targets -set -nocase -filter {name =~"APU*" && jtag_cable_name =~ "Xilinx PYNQ-Z1 003017AEE3C6A"} -index 0
loadhw -hw C:/Users/RAYAN/Lab3/Lab3.sdk/Lab3_wrapper_hw_platform_0/system.hdf -mem-ranges [list {0x40000000 0xbfffffff}]
configparams force-mem-access 1
targets -set -nocase -filter {name =~"APU*" && jtag_cable_name =~ "Xilinx PYNQ-Z1 003017AEE3C6A"} -index 0
stop
ps7_init
ps7_post_config
targets -set -nocase -filter {name =~ "ARM*#0" && jtag_cable_name =~ "Xilinx PYNQ-Z1 003017AEE3C6A"} -index 0
rst -processor
targets -set -nocase -filter {name =~ "ARM*#0" && jtag_cable_name =~ "Xilinx PYNQ-Z1 003017AEE3C6A"} -index 0
dow C:/Users/RAYAN/Lab3/Lab3.sdk/multiplier/Debug/multiplier.elf
configparams force-mem-access 0
----------------End of Script----------------

20:21:31 INFO  : Memory regions updated for context APU
20:21:31 INFO  : Context for processor 'ps7_cortexa9_0' is selected.
20:21:31 INFO  : 'con' command is executed.
20:21:31 INFO  : ----------------XSDB Script (After Launch)----------------
targets -set -nocase -filter {name =~ "ARM*#0" && jtag_cable_name =~ "Xilinx PYNQ-Z1 003017AEE3C6A"} -index 0
con
----------------End of Script----------------

20:21:31 INFO  : Launch script is exported to file 'C:\Users\RAYAN\Lab3\Lab3.sdk\.sdk\launch_scripts\xilinx_c-c++_application_(system_debugger)\system_debugger_using_debug_multiplier.elf_on_local_(1).tcl'
20:24:49 INFO  : Disconnected from the channel tcfchan#9.
20:29:59 INFO  : Registering command handlers for SDK TCF services
20:30:00 INFO  : Launching XSCT server: xsct.bat -interactive C:\Users\RAYAN\Lab3\Lab3.sdk\temp_xsdb_launch_script.tcl
20:30:04 INFO  : XSCT server has started successfully.
20:30:05 INFO  : Successfully done setting XSCT server connection channel  
20:30:05 INFO  : Processing command line option -hwspec C:/Users/RAYAN/Lab3/Lab3.sdk/Lab3_wrapper.hdf.
20:30:05 INFO  : Successfully done setting SDK workspace  
20:30:05 INFO  : Checking for hwspec changes in the project Lab3_wrapper_hw_platform_0.
20:30:10 INFO  : SDK has detected change in the last modified timestamps for source hardware specification file Source:1665102512542,  Project:1665094148994
20:30:10 INFO  : The hardware specification for project 'Lab3_wrapper_hw_platform_0' is different from C:/Users/RAYAN/Lab3/Lab3.sdk/Lab3_wrapper.hdf.
20:30:10 INFO  : Copied contents of C:/Users/RAYAN/Lab3/Lab3.sdk/Lab3_wrapper.hdf into \Lab3_wrapper_hw_platform_0\system.hdf.
20:30:18 INFO  : Synchronizing projects in the workspace with the hardware platform specification changes.
20:30:22 INFO  : 
20:30:23 INFO  : Updating hardware inferred compiler options for multiplier.
20:30:23 INFO  : Clearing existing target manager status.
20:30:55 INFO  : Connected to target on host '127.0.0.1' and port '3121'.
20:30:55 INFO  : Jtag cable 'Xilinx PYNQ-Z1 003017AEE3C6A' is selected.
20:30:55 INFO  : 'jtag frequency' command is executed.
20:30:55 INFO  : Sourcing of 'C:/Users/RAYAN/Lab3/Lab3.sdk/Lab3_wrapper_hw_platform_0/ps7_init.tcl' is done.
20:30:55 INFO  : 'targets -set -filter {jtag_cable_name =~ "Xilinx PYNQ-Z1 003017AEE3C6A" && level==0} -index 1' command is executed.
20:30:58 INFO  : FPGA configured successfully with bitstream "C:/Users/RAYAN/Lab3/Lab3.sdk/Lab3_wrapper_hw_platform_0/Lab3_wrapper.bit"
20:30:58 INFO  : Context for 'APU' is selected.
20:30:58 INFO  : Hardware design information is loaded from 'C:/Users/RAYAN/Lab3/Lab3.sdk/Lab3_wrapper_hw_platform_0/system.hdf'.
20:30:58 INFO  : 'configparams force-mem-access 1' command is executed.
20:30:58 INFO  : Context for 'APU' is selected.
20:30:58 INFO  : 'stop' command is executed.
20:30:59 INFO  : 'ps7_init' command is executed.
20:30:59 INFO  : 'ps7_post_config' command is executed.
20:30:59 INFO  : Context for processor 'ps7_cortexa9_0' is selected.
20:30:59 INFO  : Processor reset is completed for 'ps7_cortexa9_0'.
20:30:59 INFO  : Context for processor 'ps7_cortexa9_0' is selected.
20:30:59 INFO  : The application 'C:/Users/RAYAN/Lab3/Lab3.sdk/multiplier/Debug/multiplier.elf' is downloaded to processor 'ps7_cortexa9_0'.
20:30:59 INFO  : 'configparams force-mem-access 0' command is executed.
20:30:59 INFO  : ----------------XSDB Script----------------
connect -url tcp:127.0.0.1:3121
source C:/Users/RAYAN/Lab3/Lab3.sdk/Lab3_wrapper_hw_platform_0/ps7_init.tcl
targets -set -filter {jtag_cable_name =~ "Xilinx PYNQ-Z1 003017AEE3C6A" && level==0} -index 1
fpga -file C:/Users/RAYAN/Lab3/Lab3.sdk/Lab3_wrapper_hw_platform_0/Lab3_wrapper.bit
targets -set -nocase -filter {name =~"APU*" && jtag_cable_name =~ "Xilinx PYNQ-Z1 003017AEE3C6A"} -index 0
loadhw -hw C:/Users/RAYAN/Lab3/Lab3.sdk/Lab3_wrapper_hw_platform_0/system.hdf -mem-ranges [list {0x40000000 0xbfffffff}]
configparams force-mem-access 1
targets -set -nocase -filter {name =~"APU*" && jtag_cable_name =~ "Xilinx PYNQ-Z1 003017AEE3C6A"} -index 0
stop
ps7_init
ps7_post_config
targets -set -nocase -filter {name =~ "ARM*#0" && jtag_cable_name =~ "Xilinx PYNQ-Z1 003017AEE3C6A"} -index 0
rst -processor
targets -set -nocase -filter {name =~ "ARM*#0" && jtag_cable_name =~ "Xilinx PYNQ-Z1 003017AEE3C6A"} -index 0
dow C:/Users/RAYAN/Lab3/Lab3.sdk/multiplier/Debug/multiplier.elf
configparams force-mem-access 0
----------------End of Script----------------

20:30:59 INFO  : Memory regions updated for context APU
20:30:59 INFO  : Context for processor 'ps7_cortexa9_0' is selected.
20:31:00 INFO  : 'con' command is executed.
20:31:00 INFO  : ----------------XSDB Script (After Launch)----------------
targets -set -nocase -filter {name =~ "ARM*#0" && jtag_cable_name =~ "Xilinx PYNQ-Z1 003017AEE3C6A"} -index 0
con
----------------End of Script----------------

20:31:00 INFO  : Launch script is exported to file 'C:\Users\RAYAN\Lab3\Lab3.sdk\.sdk\launch_scripts\xilinx_c-c++_application_(system_debugger)\system_debugger_using_debug_multiplier.elf_on_local_(1).tcl'
21:16:10 INFO  : Disconnected from the channel tcfchan#1.
21:16:11 INFO  : Connected to target on host '127.0.0.1' and port '3121'.
21:16:11 INFO  : Jtag cable 'Xilinx PYNQ-Z1 003017AEE3C6A' is selected.
21:16:11 INFO  : 'jtag frequency' command is executed.
21:16:11 INFO  : Sourcing of 'C:/Users/RAYAN/Lab3/Lab3.sdk/Lab3_wrapper_hw_platform_0/ps7_init.tcl' is done.
21:16:11 INFO  : 'targets -set -filter {jtag_cable_name =~ "Xilinx PYNQ-Z1 003017AEE3C6A" && level==0} -index 1' command is executed.
21:16:14 INFO  : FPGA configured successfully with bitstream "C:/Users/RAYAN/Lab3/Lab3.sdk/Lab3_wrapper_hw_platform_0/Lab3_wrapper.bit"
21:16:14 INFO  : Context for 'APU' is selected.
21:16:17 INFO  : Hardware design information is loaded from 'C:/Users/RAYAN/Lab3/Lab3.sdk/Lab3_wrapper_hw_platform_0/system.hdf'.
21:16:17 INFO  : 'configparams force-mem-access 1' command is executed.
21:16:17 INFO  : Context for 'APU' is selected.
21:16:17 INFO  : 'stop' command is executed.
21:16:18 INFO  : 'ps7_init' command is executed.
21:16:18 INFO  : 'ps7_post_config' command is executed.
21:16:18 INFO  : 'configparams force-mem-access 0' command is executed.
21:16:18 INFO  : ----------------XSDB Script----------------
connect -url tcp:127.0.0.1:3121
source C:/Users/RAYAN/Lab3/Lab3.sdk/Lab3_wrapper_hw_platform_0/ps7_init.tcl
targets -set -filter {jtag_cable_name =~ "Xilinx PYNQ-Z1 003017AEE3C6A" && level==0} -index 1
fpga -file C:/Users/RAYAN/Lab3/Lab3.sdk/Lab3_wrapper_hw_platform_0/Lab3_wrapper.bit
targets -set -nocase -filter {name =~"APU*" && jtag_cable_name =~ "Xilinx PYNQ-Z1 003017AEE3C6A"} -index 0
loadhw -hw C:/Users/RAYAN/Lab3/Lab3.sdk/Lab3_wrapper_hw_platform_0/system.hdf -mem-ranges [list {0x40000000 0xbfffffff}]
configparams force-mem-access 1
targets -set -nocase -filter {name =~"APU*" && jtag_cable_name =~ "Xilinx PYNQ-Z1 003017AEE3C6A"} -index 0
stop
ps7_init
ps7_post_config
configparams force-mem-access 0
----------------End of Script----------------

21:16:18 INFO  : Memory regions updated for context APU
21:16:18 INFO  : Launch script is exported to file 'C:\Users\RAYAN\Lab3\Lab3.sdk\.sdk\launch_scripts\xilinx_c-c++_application_(system_debugger)\system_debugger_on_local.tcl'
21:17:24 INFO  : Disconnected from the channel tcfchan#2.
21:17:25 INFO  : Connected to target on host '127.0.0.1' and port '3121'.
21:17:25 INFO  : Jtag cable 'Xilinx PYNQ-Z1 003017AEE3C6A' is selected.
21:17:25 INFO  : 'jtag frequency' command is executed.
21:17:25 INFO  : Sourcing of 'C:/Users/RAYAN/Lab3/Lab3.sdk/Lab3_wrapper_hw_platform_0/ps7_init.tcl' is done.
21:17:25 INFO  : 'targets -set -filter {jtag_cable_name =~ "Xilinx PYNQ-Z1 003017AEE3C6A" && level==0} -index 1' command is executed.
21:17:27 INFO  : FPGA configured successfully with bitstream "C:/Users/RAYAN/Lab3/Lab3.sdk/Lab3_wrapper_hw_platform_0/Lab3_wrapper.bit"
21:17:28 INFO  : Context for 'APU' is selected.
21:17:28 INFO  : Hardware design information is loaded from 'C:/Users/RAYAN/Lab3/Lab3.sdk/Lab3_wrapper_hw_platform_0/system.hdf'.
21:17:28 INFO  : 'configparams force-mem-access 1' command is executed.
21:17:28 INFO  : Context for 'APU' is selected.
21:17:28 INFO  : 'stop' command is executed.
21:17:28 INFO  : 'ps7_init' command is executed.
21:17:28 INFO  : 'ps7_post_config' command is executed.
21:17:28 INFO  : 'configparams force-mem-access 0' command is executed.
21:17:28 INFO  : ----------------XSDB Script----------------
connect -url tcp:127.0.0.1:3121
source C:/Users/RAYAN/Lab3/Lab3.sdk/Lab3_wrapper_hw_platform_0/ps7_init.tcl
targets -set -filter {jtag_cable_name =~ "Xilinx PYNQ-Z1 003017AEE3C6A" && level==0} -index 1
fpga -file C:/Users/RAYAN/Lab3/Lab3.sdk/Lab3_wrapper_hw_platform_0/Lab3_wrapper.bit
targets -set -nocase -filter {name =~"APU*" && jtag_cable_name =~ "Xilinx PYNQ-Z1 003017AEE3C6A"} -index 0
loadhw -hw C:/Users/RAYAN/Lab3/Lab3.sdk/Lab3_wrapper_hw_platform_0/system.hdf -mem-ranges [list {0x40000000 0xbfffffff}]
configparams force-mem-access 1
targets -set -nocase -filter {name =~"APU*" && jtag_cable_name =~ "Xilinx PYNQ-Z1 003017AEE3C6A"} -index 0
stop
ps7_init
ps7_post_config
configparams force-mem-access 0
----------------End of Script----------------

21:17:29 INFO  : Memory regions updated for context APU
21:17:29 INFO  : Launch script is exported to file 'C:\Users\RAYAN\Lab3\Lab3.sdk\.sdk\launch_scripts\xilinx_c-c++_application_(system_debugger)\system_debugger_on_local.tcl'
21:17:44 INFO  : Disconnected from the channel tcfchan#3.
21:23:33 INFO  : Registering command handlers for SDK TCF services
21:23:34 INFO  : Launching XSCT server: xsct.bat -interactive C:\Users\RAYAN\Lab3\Lab3.sdk\temp_xsdb_launch_script.tcl
21:23:38 INFO  : XSCT server has started successfully.
21:23:39 INFO  : Successfully done setting XSCT server connection channel  
21:23:39 INFO  : Processing command line option -hwspec C:/Users/RAYAN/Lab3/Lab3.sdk/Lab3_wrapper.hdf.
21:23:39 INFO  : Successfully done setting SDK workspace  
21:23:39 INFO  : Checking for hwspec changes in the project Lab3_wrapper_hw_platform_0.
21:23:44 INFO  : SDK has detected change in the last modified timestamps for source hardware specification file Source:1665105746400,  Project:1665102512542
21:23:44 INFO  : The hardware specification for project 'Lab3_wrapper_hw_platform_0' is different from C:/Users/RAYAN/Lab3/Lab3.sdk/Lab3_wrapper.hdf.
21:23:45 INFO  : Copied contents of C:/Users/RAYAN/Lab3/Lab3.sdk/Lab3_wrapper.hdf into \Lab3_wrapper_hw_platform_0\system.hdf.
21:24:22 INFO  : Synchronizing projects in the workspace with the hardware platform specification changes.
21:24:25 INFO  : 
21:24:26 INFO  : Updating hardware inferred compiler options for multiplier.
21:24:26 INFO  : Clearing existing target manager status.
21:24:39 INFO  : Connected to target on host '127.0.0.1' and port '3121'.
21:24:39 INFO  : Jtag cable 'Xilinx PYNQ-Z1 003017AEE3C6A' is selected.
21:24:39 INFO  : 'jtag frequency' command is executed.
21:24:39 INFO  : Sourcing of 'C:/Users/RAYAN/Lab3/Lab3.sdk/Lab3_wrapper_hw_platform_0/ps7_init.tcl' is done.
21:24:40 INFO  : 'targets -set -filter {jtag_cable_name =~ "Xilinx PYNQ-Z1 003017AEE3C6A" && level==0} -index 1' command is executed.
21:24:42 INFO  : FPGA configured successfully with bitstream "C:/Users/RAYAN/Lab3/Lab3.sdk/Lab3_wrapper_hw_platform_0/Lab3_wrapper.bit"
21:24:42 INFO  : Context for 'APU' is selected.
21:24:42 INFO  : Hardware design information is loaded from 'C:/Users/RAYAN/Lab3/Lab3.sdk/Lab3_wrapper_hw_platform_0/system.hdf'.
21:24:42 INFO  : 'configparams force-mem-access 1' command is executed.
21:24:42 INFO  : Context for 'APU' is selected.
21:24:42 INFO  : 'stop' command is executed.
21:24:43 INFO  : 'ps7_init' command is executed.
21:24:43 INFO  : 'ps7_post_config' command is executed.
21:24:43 INFO  : 'configparams force-mem-access 0' command is executed.
21:24:43 INFO  : ----------------XSDB Script----------------
connect -url tcp:127.0.0.1:3121
source C:/Users/RAYAN/Lab3/Lab3.sdk/Lab3_wrapper_hw_platform_0/ps7_init.tcl
targets -set -filter {jtag_cable_name =~ "Xilinx PYNQ-Z1 003017AEE3C6A" && level==0} -index 1
fpga -file C:/Users/RAYAN/Lab3/Lab3.sdk/Lab3_wrapper_hw_platform_0/Lab3_wrapper.bit
targets -set -nocase -filter {name =~"APU*" && jtag_cable_name =~ "Xilinx PYNQ-Z1 003017AEE3C6A"} -index 0
loadhw -hw C:/Users/RAYAN/Lab3/Lab3.sdk/Lab3_wrapper_hw_platform_0/system.hdf -mem-ranges [list {0x40000000 0xbfffffff}]
configparams force-mem-access 1
targets -set -nocase -filter {name =~"APU*" && jtag_cable_name =~ "Xilinx PYNQ-Z1 003017AEE3C6A"} -index 0
stop
ps7_init
ps7_post_config
configparams force-mem-access 0
----------------End of Script----------------

21:24:43 INFO  : Memory regions updated for context APU
21:24:43 INFO  : Launch script is exported to file 'C:\Users\RAYAN\Lab3\Lab3.sdk\.sdk\launch_scripts\xilinx_c-c++_application_(system_debugger)\system_debugger_on_local.tcl'
21:25:15 INFO  : Disconnected from the channel tcfchan#1.
21:25:16 INFO  : Connected to target on host '127.0.0.1' and port '3121'.
21:25:16 INFO  : Jtag cable 'Xilinx PYNQ-Z1 003017AEE3C6A' is selected.
21:25:16 INFO  : 'jtag frequency' command is executed.
21:25:16 INFO  : Sourcing of 'C:/Users/RAYAN/Lab3/Lab3.sdk/Lab3_wrapper_hw_platform_0/ps7_init.tcl' is done.
21:25:16 INFO  : 'targets -set -filter {jtag_cable_name =~ "Xilinx PYNQ-Z1 003017AEE3C6A" && level==0} -index 1' command is executed.
21:25:19 INFO  : FPGA configured successfully with bitstream "C:/Users/RAYAN/Lab3/Lab3.sdk/Lab3_wrapper_hw_platform_0/Lab3_wrapper.bit"
21:25:19 INFO  : Context for 'APU' is selected.
21:25:22 INFO  : Hardware design information is loaded from 'C:/Users/RAYAN/Lab3/Lab3.sdk/Lab3_wrapper_hw_platform_0/system.hdf'.
21:25:22 INFO  : 'configparams force-mem-access 1' command is executed.
21:25:22 INFO  : Context for 'APU' is selected.
21:25:22 INFO  : 'stop' command is executed.
21:25:22 INFO  : 'ps7_init' command is executed.
21:25:22 INFO  : 'ps7_post_config' command is executed.
21:25:22 INFO  : Context for processor 'ps7_cortexa9_0' is selected.
21:25:22 INFO  : Processor reset is completed for 'ps7_cortexa9_0'.
21:25:23 INFO  : Context for processor 'ps7_cortexa9_0' is selected.
21:25:23 INFO  : The application 'C:/Users/RAYAN/Lab3/Lab3.sdk/multiplier/Debug/multiplier.elf' is downloaded to processor 'ps7_cortexa9_0'.
21:25:23 INFO  : 'configparams force-mem-access 0' command is executed.
21:25:23 INFO  : ----------------XSDB Script----------------
connect -url tcp:127.0.0.1:3121
source C:/Users/RAYAN/Lab3/Lab3.sdk/Lab3_wrapper_hw_platform_0/ps7_init.tcl
targets -set -filter {jtag_cable_name =~ "Xilinx PYNQ-Z1 003017AEE3C6A" && level==0} -index 1
fpga -file C:/Users/RAYAN/Lab3/Lab3.sdk/Lab3_wrapper_hw_platform_0/Lab3_wrapper.bit
targets -set -nocase -filter {name =~"APU*" && jtag_cable_name =~ "Xilinx PYNQ-Z1 003017AEE3C6A"} -index 0
loadhw -hw C:/Users/RAYAN/Lab3/Lab3.sdk/Lab3_wrapper_hw_platform_0/system.hdf -mem-ranges [list {0x40000000 0xbfffffff}]
configparams force-mem-access 1
targets -set -nocase -filter {name =~"APU*" && jtag_cable_name =~ "Xilinx PYNQ-Z1 003017AEE3C6A"} -index 0
stop
ps7_init
ps7_post_config
targets -set -nocase -filter {name =~ "ARM*#0" && jtag_cable_name =~ "Xilinx PYNQ-Z1 003017AEE3C6A"} -index 0
rst -processor
targets -set -nocase -filter {name =~ "ARM*#0" && jtag_cable_name =~ "Xilinx PYNQ-Z1 003017AEE3C6A"} -index 0
dow C:/Users/RAYAN/Lab3/Lab3.sdk/multiplier/Debug/multiplier.elf
configparams force-mem-access 0
----------------End of Script----------------

21:25:23 INFO  : Memory regions updated for context APU
21:25:23 INFO  : Context for processor 'ps7_cortexa9_0' is selected.
21:25:23 INFO  : 'con' command is executed.
21:25:23 INFO  : ----------------XSDB Script (After Launch)----------------
targets -set -nocase -filter {name =~ "ARM*#0" && jtag_cable_name =~ "Xilinx PYNQ-Z1 003017AEE3C6A"} -index 0
con
----------------End of Script----------------

21:25:23 INFO  : Launch script is exported to file 'C:\Users\RAYAN\Lab3\Lab3.sdk\.sdk\launch_scripts\xilinx_c-c++_application_(system_debugger)\system_debugger_using_debug_multiplier.elf_on_local_(2).tcl'
21:27:17 INFO  : Disconnected from the channel tcfchan#2.
21:27:17 INFO  : Connected to target on host '127.0.0.1' and port '3121'.
21:27:18 INFO  : Jtag cable 'Xilinx PYNQ-Z1 003017AEE3C6A' is selected.
21:27:18 INFO  : 'jtag frequency' command is executed.
21:27:18 INFO  : Sourcing of 'C:/Users/RAYAN/Lab3/Lab3.sdk/Lab3_wrapper_hw_platform_0/ps7_init.tcl' is done.
21:27:18 INFO  : 'targets -set -filter {jtag_cable_name =~ "Xilinx PYNQ-Z1 003017AEE3C6A" && level==0} -index 1' command is executed.
21:27:20 INFO  : FPGA configured successfully with bitstream "C:/Users/RAYAN/Lab3/Lab3.sdk/Lab3_wrapper_hw_platform_0/Lab3_wrapper.bit"
21:27:20 INFO  : Context for 'APU' is selected.
21:27:20 INFO  : Hardware design information is loaded from 'C:/Users/RAYAN/Lab3/Lab3.sdk/Lab3_wrapper_hw_platform_0/system.hdf'.
21:27:20 INFO  : 'configparams force-mem-access 1' command is executed.
21:27:21 INFO  : Context for 'APU' is selected.
21:27:21 INFO  : 'stop' command is executed.
21:27:21 INFO  : 'ps7_init' command is executed.
21:27:22 INFO  : 'ps7_post_config' command is executed.
21:27:22 INFO  : 'configparams force-mem-access 0' command is executed.
21:27:22 INFO  : ----------------XSDB Script----------------
connect -url tcp:127.0.0.1:3121
source C:/Users/RAYAN/Lab3/Lab3.sdk/Lab3_wrapper_hw_platform_0/ps7_init.tcl
targets -set -filter {jtag_cable_name =~ "Xilinx PYNQ-Z1 003017AEE3C6A" && level==0} -index 1
fpga -file C:/Users/RAYAN/Lab3/Lab3.sdk/Lab3_wrapper_hw_platform_0/Lab3_wrapper.bit
targets -set -nocase -filter {name =~"APU*" && jtag_cable_name =~ "Xilinx PYNQ-Z1 003017AEE3C6A"} -index 0
loadhw -hw C:/Users/RAYAN/Lab3/Lab3.sdk/Lab3_wrapper_hw_platform_0/system.hdf -mem-ranges [list {0x40000000 0xbfffffff}]
configparams force-mem-access 1
targets -set -nocase -filter {name =~"APU*" && jtag_cable_name =~ "Xilinx PYNQ-Z1 003017AEE3C6A"} -index 0
stop
ps7_init
ps7_post_config
configparams force-mem-access 0
----------------End of Script----------------

21:27:22 INFO  : Memory regions updated for context APU
21:27:22 INFO  : Launch script is exported to file 'C:\Users\RAYAN\Lab3\Lab3.sdk\.sdk\launch_scripts\xilinx_c-c++_application_(system_debugger)\system_debugger_on_local_(1).tcl'
21:27:38 INFO  : Disconnected from the channel tcfchan#3.
21:27:39 INFO  : Connected to target on host '127.0.0.1' and port '3121'.
21:27:39 INFO  : Jtag cable 'Xilinx PYNQ-Z1 003017AEE3C6A' is selected.
21:27:39 INFO  : 'jtag frequency' command is executed.
21:27:39 INFO  : Sourcing of 'C:/Users/RAYAN/Lab3/Lab3.sdk/Lab3_wrapper_hw_platform_0/ps7_init.tcl' is done.
21:27:39 INFO  : 'targets -set -filter {jtag_cable_name =~ "Xilinx PYNQ-Z1 003017AEE3C6A" && level==0} -index 1' command is executed.
21:27:42 INFO  : FPGA configured successfully with bitstream "C:/Users/RAYAN/Lab3/Lab3.sdk/Lab3_wrapper_hw_platform_0/Lab3_wrapper.bit"
21:27:42 INFO  : Context for 'APU' is selected.
21:27:42 INFO  : Hardware design information is loaded from 'C:/Users/RAYAN/Lab3/Lab3.sdk/Lab3_wrapper_hw_platform_0/system.hdf'.
21:27:42 INFO  : 'configparams force-mem-access 1' command is executed.
21:27:42 INFO  : Context for 'APU' is selected.
21:27:42 INFO  : 'stop' command is executed.
21:27:43 INFO  : 'ps7_init' command is executed.
21:27:43 INFO  : 'ps7_post_config' command is executed.
21:27:43 INFO  : 'configparams force-mem-access 0' command is executed.
21:27:43 INFO  : ----------------XSDB Script----------------
connect -url tcp:127.0.0.1:3121
source C:/Users/RAYAN/Lab3/Lab3.sdk/Lab3_wrapper_hw_platform_0/ps7_init.tcl
targets -set -filter {jtag_cable_name =~ "Xilinx PYNQ-Z1 003017AEE3C6A" && level==0} -index 1
fpga -file C:/Users/RAYAN/Lab3/Lab3.sdk/Lab3_wrapper_hw_platform_0/Lab3_wrapper.bit
targets -set -nocase -filter {name =~"APU*" && jtag_cable_name =~ "Xilinx PYNQ-Z1 003017AEE3C6A"} -index 0
loadhw -hw C:/Users/RAYAN/Lab3/Lab3.sdk/Lab3_wrapper_hw_platform_0/system.hdf -mem-ranges [list {0x40000000 0xbfffffff}]
configparams force-mem-access 1
targets -set -nocase -filter {name =~"APU*" && jtag_cable_name =~ "Xilinx PYNQ-Z1 003017AEE3C6A"} -index 0
stop
ps7_init
ps7_post_config
configparams force-mem-access 0
----------------End of Script----------------

21:27:43 INFO  : Memory regions updated for context APU
21:27:43 INFO  : Launch script is exported to file 'C:\Users\RAYAN\Lab3\Lab3.sdk\.sdk\launch_scripts\xilinx_c-c++_application_(system_debugger)\system_debugger_on_local_(1).tcl'
21:28:29 INFO  : Disconnected from the channel tcfchan#4.
21:28:55 INFO  : Registering command handlers for SDK TCF services
21:28:56 INFO  : Launching XSCT server: xsct.bat -interactive C:\Users\RAYAN\Lab3\Lab3.sdk\temp_xsdb_launch_script.tcl
21:29:00 INFO  : XSCT server has started successfully.
21:29:00 INFO  : Processing command line option -hwspec C:/Users/RAYAN/Lab3/Lab3.sdk/Lab3_wrapper.hdf.
21:29:00 INFO  : Checking for hwspec changes in the project Lab3_wrapper_hw_platform_0.
21:29:00 INFO  : Successfully done setting XSCT server connection channel  
21:29:08 INFO  : Successfully done setting SDK workspace  
21:30:01 INFO  : Connected to target on host '127.0.0.1' and port '3121'.
21:30:02 INFO  : Jtag cable 'Xilinx PYNQ-Z1 003017AEE3C6A' is selected.
21:30:02 INFO  : 'jtag frequency' command is executed.
21:30:02 INFO  : Sourcing of 'C:/Users/RAYAN/Lab3/Lab3.sdk/Lab3_wrapper_hw_platform_0/ps7_init.tcl' is done.
21:30:02 INFO  : 'targets -set -filter {jtag_cable_name =~ "Xilinx PYNQ-Z1 003017AEE3C6A" && level==0} -index 1' command is executed.
21:30:05 INFO  : FPGA configured successfully with bitstream "C:/Users/RAYAN/Lab3/Lab3.sdk/Lab3_wrapper_hw_platform_0/Lab3_wrapper.bit"
21:30:05 INFO  : Context for 'APU' is selected.
21:30:05 INFO  : Hardware design information is loaded from 'C:/Users/RAYAN/Lab3/Lab3.sdk/Lab3_wrapper_hw_platform_0/system.hdf'.
21:30:05 INFO  : 'configparams force-mem-access 1' command is executed.
21:30:05 INFO  : Context for 'APU' is selected.
21:30:05 INFO  : 'stop' command is executed.
21:30:06 INFO  : 'ps7_init' command is executed.
21:30:06 INFO  : 'ps7_post_config' command is executed.
21:30:06 INFO  : Context for processor 'ps7_cortexa9_0' is selected.
21:30:06 INFO  : Processor reset is completed for 'ps7_cortexa9_0'.
21:30:06 INFO  : Context for processor 'ps7_cortexa9_0' is selected.
21:30:07 INFO  : The application 'C:/Users/RAYAN/Lab3/Lab3.sdk/multiplier/Debug/multiplier.elf' is downloaded to processor 'ps7_cortexa9_0'.
21:30:07 INFO  : 'configparams force-mem-access 0' command is executed.
21:30:07 INFO  : ----------------XSDB Script----------------
connect -url tcp:127.0.0.1:3121
source C:/Users/RAYAN/Lab3/Lab3.sdk/Lab3_wrapper_hw_platform_0/ps7_init.tcl
targets -set -filter {jtag_cable_name =~ "Xilinx PYNQ-Z1 003017AEE3C6A" && level==0} -index 1
fpga -file C:/Users/RAYAN/Lab3/Lab3.sdk/Lab3_wrapper_hw_platform_0/Lab3_wrapper.bit
targets -set -nocase -filter {name =~"APU*" && jtag_cable_name =~ "Xilinx PYNQ-Z1 003017AEE3C6A"} -index 0
loadhw -hw C:/Users/RAYAN/Lab3/Lab3.sdk/Lab3_wrapper_hw_platform_0/system.hdf -mem-ranges [list {0x40000000 0xbfffffff}]
configparams force-mem-access 1
targets -set -nocase -filter {name =~"APU*" && jtag_cable_name =~ "Xilinx PYNQ-Z1 003017AEE3C6A"} -index 0
stop
ps7_init
ps7_post_config
targets -set -nocase -filter {name =~ "ARM*#0" && jtag_cable_name =~ "Xilinx PYNQ-Z1 003017AEE3C6A"} -index 0
rst -processor
targets -set -nocase -filter {name =~ "ARM*#0" && jtag_cable_name =~ "Xilinx PYNQ-Z1 003017AEE3C6A"} -index 0
dow C:/Users/RAYAN/Lab3/Lab3.sdk/multiplier/Debug/multiplier.elf
configparams force-mem-access 0
----------------End of Script----------------

21:30:07 INFO  : Memory regions updated for context APU
21:30:07 INFO  : Context for processor 'ps7_cortexa9_0' is selected.
21:30:07 INFO  : 'con' command is executed.
21:30:07 INFO  : ----------------XSDB Script (After Launch)----------------
targets -set -nocase -filter {name =~ "ARM*#0" && jtag_cable_name =~ "Xilinx PYNQ-Z1 003017AEE3C6A"} -index 0
con
----------------End of Script----------------

21:30:07 INFO  : Launch script is exported to file 'C:\Users\RAYAN\Lab3\Lab3.sdk\.sdk\launch_scripts\xilinx_c-c++_application_(system_debugger)\system_debugger_using_debug_multiplier.elf_on_local_(3).tcl'
21:38:12 INFO  : Disconnected from the channel tcfchan#1.
