16:42:51 INFO  : Registering command handlers for SDK TCF services
16:42:52 INFO  : Launching XSCT server: xsct.bat -interactive C:\Users\RAYAN\Lab_4\Lab_4.sdk\temp_xsdb_launch_script.tcl
16:42:56 INFO  : XSCT server has started successfully.
16:42:58 INFO  : Successfully done setting XSCT server connection channel  
16:42:58 INFO  : Processing command line option -hwspec C:/Users/RAYAN/Lab_4/Lab_4.sdk/Lab_4_wrapper.hdf.
16:42:58 INFO  : Successfully done setting SDK workspace  
16:54:36 INFO  : Connected to target on host '127.0.0.1' and port '3121'.
16:54:37 INFO  : Jtag cable 'Xilinx PYNQ-Z1 003017AEE3C6A' is selected.
16:54:37 INFO  : 'jtag frequency' command is executed.
16:54:37 INFO  : Sourcing of 'C:/Users/RAYAN/Lab_4/Lab_4.sdk/Lab_4_wrapper_hw_platform_0/ps7_init.tcl' is done.
16:54:37 INFO  : 'targets -set -filter {jtag_cable_name =~ "Xilinx PYNQ-Z1 003017AEE3C6A" && level==0} -index 1' command is executed.
16:54:39 INFO  : FPGA configured successfully with bitstream "C:/Users/RAYAN/Lab_4/Lab_4.sdk/Lab_4_wrapper_hw_platform_0/Lab_4_wrapper.bit"
16:54:40 INFO  : Context for 'APU' is selected.
16:54:40 INFO  : Hardware design information is loaded from 'C:/Users/RAYAN/Lab_4/Lab_4.sdk/Lab_4_wrapper_hw_platform_0/system.hdf'.
16:54:40 INFO  : 'configparams force-mem-access 1' command is executed.
16:54:40 INFO  : Context for 'APU' is selected.
16:54:40 INFO  : 'stop' command is executed.
16:54:41 INFO  : 'ps7_init' command is executed.
16:54:41 INFO  : 'ps7_post_config' command is executed.
16:54:41 INFO  : Context for processor 'ps7_cortexa9_0' is selected.
16:54:41 INFO  : Processor reset is completed for 'ps7_cortexa9_0'.
16:54:41 INFO  : Context for processor 'ps7_cortexa9_0' is selected.
16:54:41 INFO  : The application 'C:/Users/RAYAN/Lab_4/Lab_4.sdk/CPU/Debug/CPU.elf' is downloaded to processor 'ps7_cortexa9_0'.
16:54:41 INFO  : 'configparams force-mem-access 0' command is executed.
16:54:41 INFO  : ----------------XSDB Script----------------
connect -url tcp:127.0.0.1:3121
source C:/Users/RAYAN/Lab_4/Lab_4.sdk/Lab_4_wrapper_hw_platform_0/ps7_init.tcl
targets -set -filter {jtag_cable_name =~ "Xilinx PYNQ-Z1 003017AEE3C6A" && level==0} -index 1
fpga -file C:/Users/RAYAN/Lab_4/Lab_4.sdk/Lab_4_wrapper_hw_platform_0/Lab_4_wrapper.bit
targets -set -nocase -filter {name =~"APU*" && jtag_cable_name =~ "Xilinx PYNQ-Z1 003017AEE3C6A"} -index 0
loadhw -hw C:/Users/RAYAN/Lab_4/Lab_4.sdk/Lab_4_wrapper_hw_platform_0/system.hdf -mem-ranges [list {0x40000000 0xbfffffff}]
configparams force-mem-access 1
targets -set -nocase -filter {name =~"APU*" && jtag_cable_name =~ "Xilinx PYNQ-Z1 003017AEE3C6A"} -index 0
stop
ps7_init
ps7_post_config
targets -set -nocase -filter {name =~ "ARM*#0" && jtag_cable_name =~ "Xilinx PYNQ-Z1 003017AEE3C6A"} -index 0
rst -processor
targets -set -nocase -filter {name =~ "ARM*#0" && jtag_cable_name =~ "Xilinx PYNQ-Z1 003017AEE3C6A"} -index 0
dow C:/Users/RAYAN/Lab_4/Lab_4.sdk/CPU/Debug/CPU.elf
configparams force-mem-access 0
----------------End of Script----------------

16:54:41 INFO  : Memory regions updated for context APU
16:54:41 INFO  : Context for processor 'ps7_cortexa9_0' is selected.
16:54:42 INFO  : 'con' command is executed.
16:54:42 INFO  : ----------------XSDB Script (After Launch)----------------
targets -set -nocase -filter {name =~ "ARM*#0" && jtag_cable_name =~ "Xilinx PYNQ-Z1 003017AEE3C6A"} -index 0
con
----------------End of Script----------------

16:54:42 INFO  : Launch script is exported to file 'C:\Users\RAYAN\Lab_4\Lab_4.sdk\.sdk\launch_scripts\xilinx_c-c++_application_(system_debugger)\system_debugger_using_debug_cpu.elf_on_local.tcl'
17:09:44 INFO  : Disconnected from the channel tcfchan#1.
17:09:45 INFO  : Connected to target on host '127.0.0.1' and port '3121'.
17:09:45 INFO  : Jtag cable 'Xilinx PYNQ-Z1 003017AEE3C6A' is selected.
17:09:45 INFO  : 'jtag frequency' command is executed.
17:09:45 INFO  : Sourcing of 'C:/Users/RAYAN/Lab_4/Lab_4.sdk/Lab_4_wrapper_hw_platform_0/ps7_init.tcl' is done.
17:09:45 INFO  : 'targets -set -filter {jtag_cable_name =~ "Xilinx PYNQ-Z1 003017AEE3C6A" && level==0} -index 1' command is executed.
17:09:47 ERROR : 'fpga -file C:/Users/RAYAN/Lab_4/Lab_4.sdk/Lab_4_wrapper_hw_platform_0/Lab_4_wrapper.bit' is cancelled.
17:09:47 INFO  : Issued abort command to xsdb.
17:09:47 ERROR : Exception occured while running Program FPGA.
java.lang.RuntimeException: 'fpga -file C:/Users/RAYAN/Lab_4/Lab_4.sdk/Lab_4_wrapper_hw_platform_0/Lab_4_wrapper.bit' is cancelled.
17:09:47 INFO  : ----------------XSDB Script----------------
connect -url tcp:127.0.0.1:3121
source C:/Users/RAYAN/Lab_4/Lab_4.sdk/Lab_4_wrapper_hw_platform_0/ps7_init.tcl
----------------End of Script----------------

17:10:24 INFO  : Connected to target on host '127.0.0.1' and port '3121'.
17:10:25 INFO  : Jtag cable 'Xilinx PYNQ-Z1 003017AEE3C6A' is selected.
17:10:25 INFO  : 'jtag frequency' command is executed.
17:10:25 INFO  : Sourcing of 'C:/Users/RAYAN/Lab_4/Lab_4.sdk/Lab_4_wrapper_hw_platform_0/ps7_init.tcl' is done.
17:10:25 INFO  : 'targets -set -filter {jtag_cable_name =~ "Xilinx PYNQ-Z1 003017AEE3C6A" && level==0} -index 1' command is executed.
17:10:27 INFO  : FPGA configured successfully with bitstream "C:/Users/RAYAN/Lab_4/Lab_4.sdk/Lab_4_wrapper_hw_platform_0/Lab_4_wrapper.bit"
17:10:27 INFO  : Context for 'APU' is selected.
17:10:27 INFO  : Hardware design information is loaded from 'C:/Users/RAYAN/Lab_4/Lab_4.sdk/Lab_4_wrapper_hw_platform_0/system.hdf'.
17:10:27 INFO  : 'configparams force-mem-access 1' command is executed.
17:10:27 INFO  : Context for 'APU' is selected.
17:10:27 INFO  : 'stop' command is executed.
17:10:28 INFO  : 'ps7_init' command is executed.
17:10:28 INFO  : 'ps7_post_config' command is executed.
17:10:28 INFO  : Context for processor 'ps7_cortexa9_0' is selected.
17:10:28 INFO  : Processor reset is completed for 'ps7_cortexa9_0'.
17:10:28 INFO  : Context for processor 'ps7_cortexa9_0' is selected.
17:10:29 INFO  : The application 'C:/Users/RAYAN/Lab_4/Lab_4.sdk/CPU/Debug/CPU.elf' is downloaded to processor 'ps7_cortexa9_0'.
17:10:29 INFO  : 'configparams force-mem-access 0' command is executed.
17:10:29 INFO  : ----------------XSDB Script----------------
connect -url tcp:127.0.0.1:3121
source C:/Users/RAYAN/Lab_4/Lab_4.sdk/Lab_4_wrapper_hw_platform_0/ps7_init.tcl
targets -set -filter {jtag_cable_name =~ "Xilinx PYNQ-Z1 003017AEE3C6A" && level==0} -index 1
fpga -file C:/Users/RAYAN/Lab_4/Lab_4.sdk/Lab_4_wrapper_hw_platform_0/Lab_4_wrapper.bit
targets -set -nocase -filter {name =~"APU*" && jtag_cable_name =~ "Xilinx PYNQ-Z1 003017AEE3C6A"} -index 0
loadhw -hw C:/Users/RAYAN/Lab_4/Lab_4.sdk/Lab_4_wrapper_hw_platform_0/system.hdf -mem-ranges [list {0x40000000 0xbfffffff}]
configparams force-mem-access 1
targets -set -nocase -filter {name =~"APU*" && jtag_cable_name =~ "Xilinx PYNQ-Z1 003017AEE3C6A"} -index 0
stop
ps7_init
ps7_post_config
targets -set -nocase -filter {name =~ "ARM*#0" && jtag_cable_name =~ "Xilinx PYNQ-Z1 003017AEE3C6A"} -index 0
rst -processor
targets -set -nocase -filter {name =~ "ARM*#0" && jtag_cable_name =~ "Xilinx PYNQ-Z1 003017AEE3C6A"} -index 0
dow C:/Users/RAYAN/Lab_4/Lab_4.sdk/CPU/Debug/CPU.elf
configparams force-mem-access 0
----------------End of Script----------------

17:10:29 INFO  : Memory regions updated for context APU
17:10:29 INFO  : Context for processor 'ps7_cortexa9_0' is selected.
17:10:29 INFO  : 'con' command is executed.
17:10:29 INFO  : ----------------XSDB Script (After Launch)----------------
targets -set -nocase -filter {name =~ "ARM*#0" && jtag_cable_name =~ "Xilinx PYNQ-Z1 003017AEE3C6A"} -index 0
con
----------------End of Script----------------

17:10:29 INFO  : Launch script is exported to file 'C:\Users\RAYAN\Lab_4\Lab_4.sdk\.sdk\launch_scripts\xilinx_c-c++_application_(system_debugger)\system_debugger_using_debug_cpu.elf_on_local_(2).tcl'
17:11:28 INFO  : Disconnected from the channel tcfchan#2.
17:11:29 INFO  : Connected to target on host '127.0.0.1' and port '3121'.
17:11:29 INFO  : Jtag cable 'Xilinx PYNQ-Z1 003017AEE3C6A' is selected.
17:11:29 INFO  : 'jtag frequency' command is executed.
17:11:29 INFO  : Sourcing of 'C:/Users/RAYAN/Lab_4/Lab_4.sdk/Lab_4_wrapper_hw_platform_0/ps7_init.tcl' is done.
17:11:29 INFO  : 'targets -set -filter {jtag_cable_name =~ "Xilinx PYNQ-Z1 003017AEE3C6A" && level==0} -index 1' command is executed.
17:11:32 INFO  : FPGA configured successfully with bitstream "C:/Users/RAYAN/Lab_4/Lab_4.sdk/Lab_4_wrapper_hw_platform_0/Lab_4_wrapper.bit"
17:11:32 INFO  : Context for 'APU' is selected.
17:11:34 INFO  : Hardware design information is loaded from 'C:/Users/RAYAN/Lab_4/Lab_4.sdk/Lab_4_wrapper_hw_platform_0/system.hdf'.
17:11:34 INFO  : 'configparams force-mem-access 1' command is executed.
17:11:34 INFO  : Context for 'APU' is selected.
17:11:34 INFO  : 'stop' command is executed.
17:11:35 INFO  : 'ps7_init' command is executed.
17:11:35 INFO  : 'ps7_post_config' command is executed.
17:11:35 INFO  : Context for processor 'ps7_cortexa9_0' is selected.
17:11:35 INFO  : Processor reset is completed for 'ps7_cortexa9_0'.
17:11:35 INFO  : Context for processor 'ps7_cortexa9_0' is selected.
17:11:36 INFO  : The application 'C:/Users/RAYAN/Lab_4/Lab_4.sdk/CPU/Debug/CPU.elf' is downloaded to processor 'ps7_cortexa9_0'.
17:11:36 INFO  : 'configparams force-mem-access 0' command is executed.
17:11:36 INFO  : ----------------XSDB Script----------------
connect -url tcp:127.0.0.1:3121
source C:/Users/RAYAN/Lab_4/Lab_4.sdk/Lab_4_wrapper_hw_platform_0/ps7_init.tcl
targets -set -filter {jtag_cable_name =~ "Xilinx PYNQ-Z1 003017AEE3C6A" && level==0} -index 1
fpga -file C:/Users/RAYAN/Lab_4/Lab_4.sdk/Lab_4_wrapper_hw_platform_0/Lab_4_wrapper.bit
targets -set -nocase -filter {name =~"APU*" && jtag_cable_name =~ "Xilinx PYNQ-Z1 003017AEE3C6A"} -index 0
loadhw -hw C:/Users/RAYAN/Lab_4/Lab_4.sdk/Lab_4_wrapper_hw_platform_0/system.hdf -mem-ranges [list {0x40000000 0xbfffffff}]
configparams force-mem-access 1
targets -set -nocase -filter {name =~"APU*" && jtag_cable_name =~ "Xilinx PYNQ-Z1 003017AEE3C6A"} -index 0
stop
ps7_init
ps7_post_config
targets -set -nocase -filter {name =~ "ARM*#0" && jtag_cable_name =~ "Xilinx PYNQ-Z1 003017AEE3C6A"} -index 0
rst -processor
targets -set -nocase -filter {name =~ "ARM*#0" && jtag_cable_name =~ "Xilinx PYNQ-Z1 003017AEE3C6A"} -index 0
dow C:/Users/RAYAN/Lab_4/Lab_4.sdk/CPU/Debug/CPU.elf
configparams force-mem-access 0
----------------End of Script----------------

17:11:36 INFO  : Memory regions updated for context APU
17:11:36 INFO  : Context for processor 'ps7_cortexa9_0' is selected.
17:11:36 INFO  : 'con' command is executed.
17:11:36 INFO  : ----------------XSDB Script (After Launch)----------------
targets -set -nocase -filter {name =~ "ARM*#0" && jtag_cable_name =~ "Xilinx PYNQ-Z1 003017AEE3C6A"} -index 0
con
----------------End of Script----------------

17:11:36 INFO  : Launch script is exported to file 'C:\Users\RAYAN\Lab_4\Lab_4.sdk\.sdk\launch_scripts\xilinx_c-c++_application_(system_debugger)\system_debugger_using_debug_cpu.elf_on_local_(2).tcl'
17:34:50 INFO  : Disconnected from the channel tcfchan#3.
17:34:51 INFO  : Connected to target on host '127.0.0.1' and port '3121'.
17:34:51 INFO  : Jtag cable 'Xilinx PYNQ-Z1 003017AEE3C6A' is selected.
17:34:51 INFO  : 'jtag frequency' command is executed.
17:34:51 INFO  : Sourcing of 'C:/Users/RAYAN/Lab_4/Lab_4.sdk/Lab_4_wrapper_hw_platform_0/ps7_init.tcl' is done.
17:34:51 INFO  : 'targets -set -filter {jtag_cable_name =~ "Xilinx PYNQ-Z1 003017AEE3C6A" && level==0} -index 1' command is executed.
17:34:53 INFO  : FPGA configured successfully with bitstream "C:/Users/RAYAN/Lab_4/Lab_4.sdk/Lab_4_wrapper_hw_platform_0/Lab_4_wrapper.bit"
17:34:54 INFO  : Context for 'APU' is selected.
17:34:56 INFO  : Hardware design information is loaded from 'C:/Users/RAYAN/Lab_4/Lab_4.sdk/Lab_4_wrapper_hw_platform_0/system.hdf'.
17:34:56 INFO  : 'configparams force-mem-access 1' command is executed.
17:34:56 INFO  : Context for 'APU' is selected.
17:34:56 INFO  : 'stop' command is executed.
17:34:57 INFO  : 'ps7_init' command is executed.
17:34:57 INFO  : 'ps7_post_config' command is executed.
17:34:57 INFO  : Context for processor 'ps7_cortexa9_0' is selected.
17:34:57 INFO  : Processor reset is completed for 'ps7_cortexa9_0'.
17:34:57 INFO  : Context for processor 'ps7_cortexa9_0' is selected.
17:34:57 INFO  : The application 'C:/Users/RAYAN/Lab_4/Lab_4.sdk/CPU/Debug/CPU.elf' is downloaded to processor 'ps7_cortexa9_0'.
17:34:57 INFO  : 'configparams force-mem-access 0' command is executed.
17:34:57 INFO  : ----------------XSDB Script----------------
connect -url tcp:127.0.0.1:3121
source C:/Users/RAYAN/Lab_4/Lab_4.sdk/Lab_4_wrapper_hw_platform_0/ps7_init.tcl
targets -set -filter {jtag_cable_name =~ "Xilinx PYNQ-Z1 003017AEE3C6A" && level==0} -index 1
fpga -file C:/Users/RAYAN/Lab_4/Lab_4.sdk/Lab_4_wrapper_hw_platform_0/Lab_4_wrapper.bit
targets -set -nocase -filter {name =~"APU*" && jtag_cable_name =~ "Xilinx PYNQ-Z1 003017AEE3C6A"} -index 0
loadhw -hw C:/Users/RAYAN/Lab_4/Lab_4.sdk/Lab_4_wrapper_hw_platform_0/system.hdf -mem-ranges [list {0x40000000 0xbfffffff}]
configparams force-mem-access 1
targets -set -nocase -filter {name =~"APU*" && jtag_cable_name =~ "Xilinx PYNQ-Z1 003017AEE3C6A"} -index 0
stop
ps7_init
ps7_post_config
targets -set -nocase -filter {name =~ "ARM*#0" && jtag_cable_name =~ "Xilinx PYNQ-Z1 003017AEE3C6A"} -index 0
rst -processor
targets -set -nocase -filter {name =~ "ARM*#0" && jtag_cable_name =~ "Xilinx PYNQ-Z1 003017AEE3C6A"} -index 0
dow C:/Users/RAYAN/Lab_4/Lab_4.sdk/CPU/Debug/CPU.elf
configparams force-mem-access 0
----------------End of Script----------------

17:34:58 INFO  : Memory regions updated for context APU
17:34:58 INFO  : Context for processor 'ps7_cortexa9_0' is selected.
17:34:58 INFO  : 'con' command is executed.
17:34:58 INFO  : ----------------XSDB Script (After Launch)----------------
targets -set -nocase -filter {name =~ "ARM*#0" && jtag_cable_name =~ "Xilinx PYNQ-Z1 003017AEE3C6A"} -index 0
con
----------------End of Script----------------

17:34:58 INFO  : Launch script is exported to file 'C:\Users\RAYAN\Lab_4\Lab_4.sdk\.sdk\launch_scripts\xilinx_c-c++_application_(system_debugger)\system_debugger_using_debug_cpu.elf_on_local_(3).tcl'
17:36:15 INFO  : Disconnected from the channel tcfchan#4.
17:36:16 INFO  : Connected to target on host '127.0.0.1' and port '3121'.
17:36:16 INFO  : Jtag cable 'Xilinx PYNQ-Z1 003017AEE3C6A' is selected.
17:36:16 INFO  : 'jtag frequency' command is executed.
17:36:16 INFO  : Sourcing of 'C:/Users/RAYAN/Lab_4/Lab_4.sdk/Lab_4_wrapper_hw_platform_0/ps7_init.tcl' is done.
17:36:16 INFO  : 'targets -set -filter {jtag_cable_name =~ "Xilinx PYNQ-Z1 003017AEE3C6A" && level==0} -index 1' command is executed.
17:36:18 INFO  : FPGA configured successfully with bitstream "C:/Users/RAYAN/Lab_4/Lab_4.sdk/Lab_4_wrapper_hw_platform_0/Lab_4_wrapper.bit"
17:36:19 INFO  : Context for 'APU' is selected.
17:36:21 INFO  : Hardware design information is loaded from 'C:/Users/RAYAN/Lab_4/Lab_4.sdk/Lab_4_wrapper_hw_platform_0/system.hdf'.
17:36:21 INFO  : 'configparams force-mem-access 1' command is executed.
17:36:21 INFO  : Context for 'APU' is selected.
17:36:21 INFO  : 'stop' command is executed.
17:36:22 INFO  : 'ps7_init' command is executed.
17:36:22 INFO  : 'ps7_post_config' command is executed.
17:36:22 INFO  : Context for processor 'ps7_cortexa9_0' is selected.
17:36:22 INFO  : Processor reset is completed for 'ps7_cortexa9_0'.
17:36:22 INFO  : Context for processor 'ps7_cortexa9_0' is selected.
17:36:23 INFO  : The application 'C:/Users/RAYAN/Lab_4/Lab_4.sdk/CPU/Debug/CPU.elf' is downloaded to processor 'ps7_cortexa9_0'.
17:36:23 INFO  : 'configparams force-mem-access 0' command is executed.
17:36:23 INFO  : ----------------XSDB Script----------------
connect -url tcp:127.0.0.1:3121
source C:/Users/RAYAN/Lab_4/Lab_4.sdk/Lab_4_wrapper_hw_platform_0/ps7_init.tcl
targets -set -filter {jtag_cable_name =~ "Xilinx PYNQ-Z1 003017AEE3C6A" && level==0} -index 1
fpga -file C:/Users/RAYAN/Lab_4/Lab_4.sdk/Lab_4_wrapper_hw_platform_0/Lab_4_wrapper.bit
targets -set -nocase -filter {name =~"APU*" && jtag_cable_name =~ "Xilinx PYNQ-Z1 003017AEE3C6A"} -index 0
loadhw -hw C:/Users/RAYAN/Lab_4/Lab_4.sdk/Lab_4_wrapper_hw_platform_0/system.hdf -mem-ranges [list {0x40000000 0xbfffffff}]
configparams force-mem-access 1
targets -set -nocase -filter {name =~"APU*" && jtag_cable_name =~ "Xilinx PYNQ-Z1 003017AEE3C6A"} -index 0
stop
ps7_init
ps7_post_config
targets -set -nocase -filter {name =~ "ARM*#0" && jtag_cable_name =~ "Xilinx PYNQ-Z1 003017AEE3C6A"} -index 0
rst -processor
targets -set -nocase -filter {name =~ "ARM*#0" && jtag_cable_name =~ "Xilinx PYNQ-Z1 003017AEE3C6A"} -index 0
dow C:/Users/RAYAN/Lab_4/Lab_4.sdk/CPU/Debug/CPU.elf
configparams force-mem-access 0
----------------End of Script----------------

17:36:23 INFO  : Memory regions updated for context APU
17:36:23 INFO  : Context for processor 'ps7_cortexa9_0' is selected.
17:36:23 INFO  : 'con' command is executed.
17:36:23 INFO  : ----------------XSDB Script (After Launch)----------------
targets -set -nocase -filter {name =~ "ARM*#0" && jtag_cable_name =~ "Xilinx PYNQ-Z1 003017AEE3C6A"} -index 0
con
----------------End of Script----------------

17:36:23 INFO  : Launch script is exported to file 'C:\Users\RAYAN\Lab_4\Lab_4.sdk\.sdk\launch_scripts\xilinx_c-c++_application_(system_debugger)\system_debugger_using_debug_cpu.elf_on_local_(4).tcl'
18:13:29 INFO  : Disconnected from the channel tcfchan#5.
